[0.534s] Invoking command in '/home/mford/ros2_ws/build/node_one': CMAKE_PREFIX_PATH=/opt/ros/humble /usr/bin/cmake --build /home/mford/ros2_ws/build/node_one -- -j8 -l8
[0.929s] Invoked command in '/home/mford/ros2_ws/build/node_one' returned '0': CMAKE_PREFIX_PATH=/opt/ros/humble /usr/bin/cmake --build /home/mford/ros2_ws/build/node_one -- -j8 -l8
[1.371s] Invoking command in '/home/mford/ros2_ws/build/node_one': CMAKE_PREFIX_PATH=/opt/ros/humble /usr/bin/cmake --install /home/mford/ros2_ws/build/node_one
[1.401s] -- Install configuration: ""
[1.402s] -- Up-to-date: /home/mford/ros2_ws/install/node_one/share/ament_index/resource_index/package_run_dependencies/node_one
[1.402s] -- Up-to-date: /home/mford/ros2_ws/install/node_one/share/ament_index/resource_index/parent_prefix_path/node_one
[1.402s] -- Up-to-date: /home/mford/ros2_ws/install/node_one/share/node_one/environment/ament_prefix_path.sh
[1.402s] -- Up-to-date: /home/mford/ros2_ws/install/node_one/share/node_one/environment/ament_prefix_path.dsv
[1.402s] -- Up-to-date: /home/mford/ros2_ws/install/node_one/share/node_one/environment/path.sh
[1.402s] -- Up-to-date: /home/mford/ros2_ws/install/node_one/share/node_one/environment/path.dsv
[1.402s] -- Up-to-date: /home/mford/ros2_ws/install/node_one/share/node_one/local_setup.bash
[1.403s] -- Up-to-date: /home/mford/ros2_ws/install/node_one/share/node_one/local_setup.sh
[1.403s] -- Up-to-date: /home/mford/ros2_ws/install/node_one/share/node_one/local_setup.zsh
[1.403s] -- Up-to-date: /home/mford/ros2_ws/install/node_one/share/node_one/local_setup.dsv
[1.403s] -- Installing: /home/mford/ros2_ws/install/node_one/share/node_one/package.dsv
[1.403s] -- Up-to-date: /home/mford/ros2_ws/install/node_one/share/ament_index/resource_index/packages/node_one
[1.403s] -- Up-to-date: /home/mford/ros2_ws/install/node_one/share/node_one/cmake/node_oneConfig.cmake
[1.403s] -- Up-to-date: /home/mford/ros2_ws/install/node_one/share/node_one/cmake/node_oneConfig-version.cmake
[1.403s] -- Up-to-date: /home/mford/ros2_ws/install/node_one/share/node_one/package.xml
[1.408s] Invoked command in '/home/mford/ros2_ws/build/node_one' returned '0': CMAKE_PREFIX_PATH=/opt/ros/humble /usr/bin/cmake --install /home/mford/ros2_ws/build/node_one
