[0.149s] DEBUG:colcon:Command line arguments: ['/usr/bin/colcon', 'build']
[0.149s] DEBUG:colcon:Parsed command line arguments: Namespace(log_base=None, log_level=None, verb_name='build', build_base='build', install_base='install', merge_install=False, symlink_install=False, test_result_base=None, continue_on_error=False, executor='parallel', parallel_workers=8, event_handlers=None, ignore_user_meta=False, metas=['./colcon.meta'], base_paths=['.'], packages_ignore=None, packages_ignore_regex=None, paths=None, packages_up_to=None, packages_up_to_regex=None, packages_above=None, packages_above_and_dependencies=None, packages_above_depth=None, packages_select_by_dep=None, packages_skip_by_dep=None, packages_skip_up_to=None, packages_select_build_failed=False, packages_skip_build_finished=False, packages_select_test_failures=False, packages_skip_test_passed=False, packages_select=None, packages_skip=None, packages_select_regex=None, packages_skip_regex=None, packages_start=None, packages_end=None, cmake_args=None, cmake_target=None, cmake_target_skip_unavailable=False, cmake_clean_cache=False, cmake_clean_first=False, cmake_force_configure=False, ament_cmake_args=None, catkin_cmake_args=None, catkin_skip_building_tests=False, verb_parser=<colcon_defaults.argument_parser.defaults.DefaultArgumentsDecorator object at 0xffff8a6ba8f0>, verb_extension=<colcon_core.verb.build.BuildVerb object at 0xffff8a6ba2f0>, main=<bound method BuildVerb.main of <colcon_core.verb.build.BuildVerb object at 0xffff8a6ba2f0>>)
[0.352s] Level 1:colcon.colcon_core.package_discovery:discover_packages(colcon_meta) check parameters
[0.352s] Level 1:colcon.colcon_core.package_discovery:discover_packages(recursive) check parameters
[0.353s] Level 1:colcon.colcon_core.package_discovery:discover_packages(ignore) check parameters
[0.353s] Level 1:colcon.colcon_core.package_discovery:discover_packages(path) check parameters
[0.353s] Level 1:colcon.colcon_core.package_discovery:discover_packages(colcon_meta) discover
[0.353s] Level 1:colcon.colcon_core.package_discovery:discover_packages(recursive) discover
[0.353s] INFO:colcon.colcon_core.package_discovery:Crawling recursively for packages in '/home/mford/ros2_ws'
[0.353s] Level 1:colcon.colcon_core.package_identification:_identify(.) by extensions ['ignore', 'ignore_ament_install']
[0.353s] Level 1:colcon.colcon_core.package_identification:_identify(.) by extension 'ignore'
[0.353s] Level 1:colcon.colcon_core.package_identification:_identify(.) by extension 'ignore_ament_install'
[0.353s] Level 1:colcon.colcon_core.package_identification:_identify(.) by extensions ['colcon_pkg']
[0.353s] Level 1:colcon.colcon_core.package_identification:_identify(.) by extension 'colcon_pkg'
[0.353s] Level 1:colcon.colcon_core.package_identification:_identify(.) by extensions ['colcon_meta']
[0.353s] Level 1:colcon.colcon_core.package_identification:_identify(.) by extension 'colcon_meta'
[0.354s] Level 1:colcon.colcon_core.package_identification:_identify(.) by extensions ['ros']
[0.354s] Level 1:colcon.colcon_core.package_identification:_identify(.) by extension 'ros'
[0.373s] Level 1:colcon.colcon_core.package_identification:_identify(.) by extensions ['cmake', 'python']
[0.374s] Level 1:colcon.colcon_core.package_identification:_identify(.) by extension 'cmake'
[0.374s] Level 1:colcon.colcon_core.package_identification:_identify(.) by extension 'python'
[0.374s] Level 1:colcon.colcon_core.package_identification:_identify(.) by extensions ['python_setup_py']
[0.374s] Level 1:colcon.colcon_core.package_identification:_identify(.) by extension 'python_setup_py'
[0.374s] Level 1:colcon.colcon_core.package_identification:_identify(build) by extensions ['ignore', 'ignore_ament_install']
[0.374s] Level 1:colcon.colcon_core.package_identification:_identify(build) by extension 'ignore'
[0.374s] Level 1:colcon.colcon_core.package_identification:_identify(build) ignored
[0.375s] Level 1:colcon.colcon_core.package_identification:_identify(install) by extensions ['ignore', 'ignore_ament_install']
[0.375s] Level 1:colcon.colcon_core.package_identification:_identify(install) by extension 'ignore'
[0.375s] Level 1:colcon.colcon_core.package_identification:_identify(install) ignored
[0.375s] Level 1:colcon.colcon_core.package_identification:_identify(log) by extensions ['ignore', 'ignore_ament_install']
[0.375s] Level 1:colcon.colcon_core.package_identification:_identify(log) by extension 'ignore'
[0.375s] Level 1:colcon.colcon_core.package_identification:_identify(log) ignored
[0.375s] Level 1:colcon.colcon_core.package_identification:_identify(src) by extensions ['ignore', 'ignore_ament_install']
[0.375s] Level 1:colcon.colcon_core.package_identification:_identify(src) by extension 'ignore'
[0.375s] Level 1:colcon.colcon_core.package_identification:_identify(src) by extension 'ignore_ament_install'
[0.375s] Level 1:colcon.colcon_core.package_identification:_identify(src) by extensions ['colcon_pkg']
[0.376s] Level 1:colcon.colcon_core.package_identification:_identify(src) by extension 'colcon_pkg'
[0.376s] Level 1:colcon.colcon_core.package_identification:_identify(src) by extensions ['colcon_meta']
[0.376s] Level 1:colcon.colcon_core.package_identification:_identify(src) by extension 'colcon_meta'
[0.376s] Level 1:colcon.colcon_core.package_identification:_identify(src) by extensions ['ros']
[0.376s] Level 1:colcon.colcon_core.package_identification:_identify(src) by extension 'ros'
[0.376s] Level 1:colcon.colcon_core.package_identification:_identify(src) by extensions ['cmake', 'python']
[0.376s] Level 1:colcon.colcon_core.package_identification:_identify(src) by extension 'cmake'
[0.376s] Level 1:colcon.colcon_core.package_identification:_identify(src) by extension 'python'
[0.376s] Level 1:colcon.colcon_core.package_identification:_identify(src) by extensions ['python_setup_py']
[0.376s] Level 1:colcon.colcon_core.package_identification:_identify(src) by extension 'python_setup_py'
[0.376s] Level 1:colcon.colcon_core.package_identification:_identify(src/my_py_package) by extensions ['ignore', 'ignore_ament_install']
[0.376s] Level 1:colcon.colcon_core.package_identification:_identify(src/my_py_package) by extension 'ignore'
[0.376s] Level 1:colcon.colcon_core.package_identification:_identify(src/my_py_package) by extension 'ignore_ament_install'
[0.376s] Level 1:colcon.colcon_core.package_identification:_identify(src/my_py_package) by extensions ['colcon_pkg']
[0.376s] Level 1:colcon.colcon_core.package_identification:_identify(src/my_py_package) by extension 'colcon_pkg'
[0.376s] Level 1:colcon.colcon_core.package_identification:_identify(src/my_py_package) by extensions ['colcon_meta']
[0.376s] Level 1:colcon.colcon_core.package_identification:_identify(src/my_py_package) by extension 'colcon_meta'
[0.377s] Level 1:colcon.colcon_core.package_identification:_identify(src/my_py_package) by extensions ['ros']
[0.377s] Level 1:colcon.colcon_core.package_identification:_identify(src/my_py_package) by extension 'ros'
[0.380s] DEBUG:colcon.colcon_core.package_identification:Package 'src/my_py_package' with type 'ros.ament_python' and name 'my_py_package'
[0.380s] Level 1:colcon.colcon_core.package_identification:_identify(src/node_one) by extensions ['ignore', 'ignore_ament_install']
[0.381s] Level 1:colcon.colcon_core.package_identification:_identify(src/node_one) by extension 'ignore'
[0.381s] Level 1:colcon.colcon_core.package_identification:_identify(src/node_one) by extension 'ignore_ament_install'
[0.381s] Level 1:colcon.colcon_core.package_identification:_identify(src/node_one) by extensions ['colcon_pkg']
[0.381s] Level 1:colcon.colcon_core.package_identification:_identify(src/node_one) by extension 'colcon_pkg'
[0.381s] Level 1:colcon.colcon_core.package_identification:_identify(src/node_one) by extensions ['colcon_meta']
[0.381s] Level 1:colcon.colcon_core.package_identification:_identify(src/node_one) by extension 'colcon_meta'
[0.381s] Level 1:colcon.colcon_core.package_identification:_identify(src/node_one) by extensions ['ros']
[0.381s] Level 1:colcon.colcon_core.package_identification:_identify(src/node_one) by extension 'ros'
[0.382s] DEBUG:colcon.colcon_core.package_identification:Package 'src/node_one' with type 'ros.ament_cmake' and name 'node_one'
[0.382s] Level 1:colcon.colcon_core.package_identification:_identify(src/publisher_pkg) by extensions ['ignore', 'ignore_ament_install']
[0.382s] Level 1:colcon.colcon_core.package_identification:_identify(src/publisher_pkg) by extension 'ignore'
[0.382s] Level 1:colcon.colcon_core.package_identification:_identify(src/publisher_pkg) by extension 'ignore_ament_install'
[0.382s] Level 1:colcon.colcon_core.package_identification:_identify(src/publisher_pkg) by extensions ['colcon_pkg']
[0.382s] Level 1:colcon.colcon_core.package_identification:_identify(src/publisher_pkg) by extension 'colcon_pkg'
[0.382s] Level 1:colcon.colcon_core.package_identification:_identify(src/publisher_pkg) by extensions ['colcon_meta']
[0.382s] Level 1:colcon.colcon_core.package_identification:_identify(src/publisher_pkg) by extension 'colcon_meta'
[0.382s] Level 1:colcon.colcon_core.package_identification:_identify(src/publisher_pkg) by extensions ['ros']
[0.382s] Level 1:colcon.colcon_core.package_identification:_identify(src/publisher_pkg) by extension 'ros'
[0.383s] DEBUG:colcon.colcon_core.package_identification:Package 'src/publisher_pkg' with type 'ros.ament_python' and name 'publisher_pkg'
[0.383s] Level 1:colcon.colcon_core.package_identification:_identify(src/subscriber_pkg) by extensions ['ignore', 'ignore_ament_install']
[0.383s] Level 1:colcon.colcon_core.package_identification:_identify(src/subscriber_pkg) by extension 'ignore'
[0.383s] Level 1:colcon.colcon_core.package_identification:_identify(src/subscriber_pkg) by extension 'ignore_ament_install'
[0.383s] Level 1:colcon.colcon_core.package_identification:_identify(src/subscriber_pkg) by extensions ['colcon_pkg']
[0.384s] Level 1:colcon.colcon_core.package_identification:_identify(src/subscriber_pkg) by extension 'colcon_pkg'
[0.384s] Level 1:colcon.colcon_core.package_identification:_identify(src/subscriber_pkg) by extensions ['colcon_meta']
[0.384s] Level 1:colcon.colcon_core.package_identification:_identify(src/subscriber_pkg) by extension 'colcon_meta'
[0.384s] Level 1:colcon.colcon_core.package_identification:_identify(src/subscriber_pkg) by extensions ['ros']
[0.384s] Level 1:colcon.colcon_core.package_identification:_identify(src/subscriber_pkg) by extension 'ros'
[0.384s] DEBUG:colcon.colcon_core.package_identification:Package 'src/subscriber_pkg' with type 'ros.ament_python' and name 'subscriber_pkg'
[0.384s] Level 1:colcon.colcon_core.package_discovery:discover_packages(recursive) using defaults
[0.384s] Level 1:colcon.colcon_core.package_discovery:discover_packages(ignore) discover
[0.384s] Level 1:colcon.colcon_core.package_discovery:discover_packages(ignore) using defaults
[0.384s] Level 1:colcon.colcon_core.package_discovery:discover_packages(path) discover
[0.384s] Level 1:colcon.colcon_core.package_discovery:discover_packages(path) using defaults
[0.413s] Level 5:colcon.colcon_core.verb:set package 'my_py_package' build argument 'cmake_args' from command line to 'None'
[0.414s] Level 5:colcon.colcon_core.verb:set package 'my_py_package' build argument 'cmake_target' from command line to 'None'
[0.414s] Level 5:colcon.colcon_core.verb:set package 'my_py_package' build argument 'cmake_target_skip_unavailable' from command line to 'False'
[0.414s] Level 5:colcon.colcon_core.verb:set package 'my_py_package' build argument 'cmake_clean_cache' from command line to 'False'
[0.414s] Level 5:colcon.colcon_core.verb:set package 'my_py_package' build argument 'cmake_clean_first' from command line to 'False'
[0.414s] Level 5:colcon.colcon_core.verb:set package 'my_py_package' build argument 'cmake_force_configure' from command line to 'False'
[0.414s] Level 5:colcon.colcon_core.verb:set package 'my_py_package' build argument 'ament_cmake_args' from command line to 'None'
[0.414s] Level 5:colcon.colcon_core.verb:set package 'my_py_package' build argument 'catkin_cmake_args' from command line to 'None'
[0.414s] Level 5:colcon.colcon_core.verb:set package 'my_py_package' build argument 'catkin_skip_building_tests' from command line to 'False'
[0.414s] DEBUG:colcon.colcon_core.verb:Building package 'my_py_package' with the following arguments: {'ament_cmake_args': None, 'build_base': '/home/mford/ros2_ws/build/my_py_package', 'catkin_cmake_args': None, 'catkin_skip_building_tests': False, 'cmake_args': None, 'cmake_clean_cache': False, 'cmake_clean_first': False, 'cmake_force_configure': False, 'cmake_target': None, 'cmake_target_skip_unavailable': False, 'install_base': '/home/mford/ros2_ws/install/my_py_package', 'merge_install': False, 'path': '/home/mford/ros2_ws/src/my_py_package', 'symlink_install': False, 'test_result_base': None}
[0.414s] Level 5:colcon.colcon_core.verb:set package 'node_one' build argument 'cmake_args' from command line to 'None'
[0.414s] Level 5:colcon.colcon_core.verb:set package 'node_one' build argument 'cmake_target' from command line to 'None'
[0.414s] Level 5:colcon.colcon_core.verb:set package 'node_one' build argument 'cmake_target_skip_unavailable' from command line to 'False'
[0.415s] Level 5:colcon.colcon_core.verb:set package 'node_one' build argument 'cmake_clean_cache' from command line to 'False'
[0.415s] Level 5:colcon.colcon_core.verb:set package 'node_one' build argument 'cmake_clean_first' from command line to 'False'
[0.415s] Level 5:colcon.colcon_core.verb:set package 'node_one' build argument 'cmake_force_configure' from command line to 'False'
[0.415s] Level 5:colcon.colcon_core.verb:set package 'node_one' build argument 'ament_cmake_args' from command line to 'None'
[0.415s] Level 5:colcon.colcon_core.verb:set package 'node_one' build argument 'catkin_cmake_args' from command line to 'None'
[0.415s] Level 5:colcon.colcon_core.verb:set package 'node_one' build argument 'catkin_skip_building_tests' from command line to 'False'
[0.415s] DEBUG:colcon.colcon_core.verb:Building package 'node_one' with the following arguments: {'ament_cmake_args': None, 'build_base': '/home/mford/ros2_ws/build/node_one', 'catkin_cmake_args': None, 'catkin_skip_building_tests': False, 'cmake_args': None, 'cmake_clean_cache': False, 'cmake_clean_first': False, 'cmake_force_configure': False, 'cmake_target': None, 'cmake_target_skip_unavailable': False, 'install_base': '/home/mford/ros2_ws/install/node_one', 'merge_install': False, 'path': '/home/mford/ros2_ws/src/node_one', 'symlink_install': False, 'test_result_base': None}
[0.415s] Level 5:colcon.colcon_core.verb:set package 'publisher_pkg' build argument 'cmake_args' from command line to 'None'
[0.415s] Level 5:colcon.colcon_core.verb:set package 'publisher_pkg' build argument 'cmake_target' from command line to 'None'
[0.415s] Level 5:colcon.colcon_core.verb:set package 'publisher_pkg' build argument 'cmake_target_skip_unavailable' from command line to 'False'
[0.415s] Level 5:colcon.colcon_core.verb:set package 'publisher_pkg' build argument 'cmake_clean_cache' from command line to 'False'
[0.415s] Level 5:colcon.colcon_core.verb:set package 'publisher_pkg' build argument 'cmake_clean_first' from command line to 'False'
[0.415s] Level 5:colcon.colcon_core.verb:set package 'publisher_pkg' build argument 'cmake_force_configure' from command line to 'False'
[0.415s] Level 5:colcon.colcon_core.verb:set package 'publisher_pkg' build argument 'ament_cmake_args' from command line to 'None'
[0.415s] Level 5:colcon.colcon_core.verb:set package 'publisher_pkg' build argument 'catkin_cmake_args' from command line to 'None'
[0.415s] Level 5:colcon.colcon_core.verb:set package 'publisher_pkg' build argument 'catkin_skip_building_tests' from command line to 'False'
[0.415s] DEBUG:colcon.colcon_core.verb:Building package 'publisher_pkg' with the following arguments: {'ament_cmake_args': None, 'build_base': '/home/mford/ros2_ws/build/publisher_pkg', 'catkin_cmake_args': None, 'catkin_skip_building_tests': False, 'cmake_args': None, 'cmake_clean_cache': False, 'cmake_clean_first': False, 'cmake_force_configure': False, 'cmake_target': None, 'cmake_target_skip_unavailable': False, 'install_base': '/home/mford/ros2_ws/install/publisher_pkg', 'merge_install': False, 'path': '/home/mford/ros2_ws/src/publisher_pkg', 'symlink_install': False, 'test_result_base': None}
[0.416s] Level 5:colcon.colcon_core.verb:set package 'subscriber_pkg' build argument 'cmake_args' from command line to 'None'
[0.416s] Level 5:colcon.colcon_core.verb:set package 'subscriber_pkg' build argument 'cmake_target' from command line to 'None'
[0.416s] Level 5:colcon.colcon_core.verb:set package 'subscriber_pkg' build argument 'cmake_target_skip_unavailable' from command line to 'False'
[0.416s] Level 5:colcon.colcon_core.verb:set package 'subscriber_pkg' build argument 'cmake_clean_cache' from command line to 'False'
[0.416s] Level 5:colcon.colcon_core.verb:set package 'subscriber_pkg' build argument 'cmake_clean_first' from command line to 'False'
[0.416s] Level 5:colcon.colcon_core.verb:set package 'subscriber_pkg' build argument 'cmake_force_configure' from command line to 'False'
[0.416s] Level 5:colcon.colcon_core.verb:set package 'subscriber_pkg' build argument 'ament_cmake_args' from command line to 'None'
[0.416s] Level 5:colcon.colcon_core.verb:set package 'subscriber_pkg' build argument 'catkin_cmake_args' from command line to 'None'
[0.416s] Level 5:colcon.colcon_core.verb:set package 'subscriber_pkg' build argument 'catkin_skip_building_tests' from command line to 'False'
[0.416s] DEBUG:colcon.colcon_core.verb:Building package 'subscriber_pkg' with the following arguments: {'ament_cmake_args': None, 'build_base': '/home/mford/ros2_ws/build/subscriber_pkg', 'catkin_cmake_args': None, 'catkin_skip_building_tests': False, 'cmake_args': None, 'cmake_clean_cache': False, 'cmake_clean_first': False, 'cmake_force_configure': False, 'cmake_target': None, 'cmake_target_skip_unavailable': False, 'install_base': '/home/mford/ros2_ws/install/subscriber_pkg', 'merge_install': False, 'path': '/home/mford/ros2_ws/src/subscriber_pkg', 'symlink_install': False, 'test_result_base': None}
[0.416s] INFO:colcon.colcon_core.executor:Executing jobs using 'parallel' executor
[0.418s] DEBUG:colcon.colcon_parallel_executor.executor.parallel:run_until_complete
[0.419s] INFO:colcon.colcon_ros.task.ament_python.build:Building ROS package in '/home/mford/ros2_ws/src/my_py_package' with build type 'ament_python'
[0.419s] Level 1:colcon.colcon_core.shell:create_environment_hook('my_py_package', 'ament_prefix_path')
[0.423s] INFO:colcon.colcon_core.plugin_system:Skipping extension 'colcon_core.shell.bat': Not used on non-Windows systems
[0.423s] INFO:colcon.colcon_core.shell:Creating environment hook '/home/mford/ros2_ws/install/my_py_package/share/my_py_package/hook/ament_prefix_path.ps1'
[0.425s] INFO:colcon.colcon_core.shell:Creating environment descriptor '/home/mford/ros2_ws/install/my_py_package/share/my_py_package/hook/ament_prefix_path.dsv'
[0.425s] INFO:colcon.colcon_core.shell:Creating environment hook '/home/mford/ros2_ws/install/my_py_package/share/my_py_package/hook/ament_prefix_path.sh'
[0.426s] INFO:colcon.colcon_core.shell:Skip shell extension 'powershell' for command environment: Not usable outside of PowerShell
[0.426s] DEBUG:colcon.colcon_core.shell:Skip shell extension 'dsv' for command environment
[0.432s] INFO:colcon.colcon_ros.task.ament_cmake.build:Building ROS package in '/home/mford/ros2_ws/src/node_one' with build type 'ament_cmake'
[0.432s] INFO:colcon.colcon_cmake.task.cmake.build:Building CMake package in '/home/mford/ros2_ws/src/node_one'
[0.433s] INFO:colcon.colcon_core.shell:Skip shell extension 'powershell' for command environment: Not usable outside of PowerShell
[0.433s] DEBUG:colcon.colcon_core.shell:Skip shell extension 'dsv' for command environment
[0.437s] INFO:colcon.colcon_ros.task.ament_python.build:Building ROS package in '/home/mford/ros2_ws/src/publisher_pkg' with build type 'ament_python'
[0.437s] Level 1:colcon.colcon_core.shell:create_environment_hook('publisher_pkg', 'ament_prefix_path')
[0.437s] INFO:colcon.colcon_core.shell:Creating environment hook '/home/mford/ros2_ws/install/publisher_pkg/share/publisher_pkg/hook/ament_prefix_path.ps1'
[0.438s] INFO:colcon.colcon_core.shell:Creating environment descriptor '/home/mford/ros2_ws/install/publisher_pkg/share/publisher_pkg/hook/ament_prefix_path.dsv'
[0.439s] INFO:colcon.colcon_core.shell:Creating environment hook '/home/mford/ros2_ws/install/publisher_pkg/share/publisher_pkg/hook/ament_prefix_path.sh'
[0.439s] INFO:colcon.colcon_core.shell:Skip shell extension 'powershell' for command environment: Not usable outside of PowerShell
[0.439s] DEBUG:colcon.colcon_core.shell:Skip shell extension 'dsv' for command environment
[0.444s] INFO:colcon.colcon_ros.task.ament_python.build:Building ROS package in '/home/mford/ros2_ws/src/subscriber_pkg' with build type 'ament_python'
[0.444s] Level 1:colcon.colcon_core.shell:create_environment_hook('subscriber_pkg', 'ament_prefix_path')
[0.444s] INFO:colcon.colcon_core.shell:Creating environment hook '/home/mford/ros2_ws/install/subscriber_pkg/share/subscriber_pkg/hook/ament_prefix_path.ps1'
[0.445s] INFO:colcon.colcon_core.shell:Creating environment descriptor '/home/mford/ros2_ws/install/subscriber_pkg/share/subscriber_pkg/hook/ament_prefix_path.dsv'
[0.445s] INFO:colcon.colcon_core.shell:Creating environment hook '/home/mford/ros2_ws/install/subscriber_pkg/share/subscriber_pkg/hook/ament_prefix_path.sh'
[0.446s] INFO:colcon.colcon_core.shell:Skip shell extension 'powershell' for command environment: Not usable outside of PowerShell
[0.446s] DEBUG:colcon.colcon_core.shell:Skip shell extension 'dsv' for command environment
[0.952s] INFO:colcon.colcon_core.task.python.build:Building Python package in '/home/mford/ros2_ws/src/my_py_package'
[0.953s] INFO:colcon.colcon_core.shell:Skip shell extension 'powershell' for command environment: Not usable outside of PowerShell
[0.953s] DEBUG:colcon.colcon_core.shell:Skip shell extension 'dsv' for command environment
[0.967s] DEBUG:colcon.colcon_core.event_handler.log_command:Invoking command in '/home/mford/ros2_ws/build/node_one': CMAKE_PREFIX_PATH=/opt/ros/humble /usr/bin/cmake --build /home/mford/ros2_ws/build/node_one -- -j8 -l8
[1.347s] INFO:colcon.colcon_core.task.python.build:Building Python package in '/home/mford/ros2_ws/src/publisher_pkg'
[1.348s] INFO:colcon.colcon_core.shell:Skip shell extension 'powershell' for command environment: Not usable outside of PowerShell
[1.348s] DEBUG:colcon.colcon_core.shell:Skip shell extension 'dsv' for command environment
[1.363s] DEBUG:colcon.colcon_core.event_handler.log_command:Invoked command in '/home/mford/ros2_ws/build/node_one' returned '0': CMAKE_PREFIX_PATH=/opt/ros/humble /usr/bin/cmake --build /home/mford/ros2_ws/build/node_one -- -j8 -l8
[1.755s] INFO:colcon.colcon_core.task.python.build:Building Python package in '/home/mford/ros2_ws/src/subscriber_pkg'
[1.755s] INFO:colcon.colcon_core.shell:Skip shell extension 'powershell' for command environment: Not usable outside of PowerShell
[1.755s] DEBUG:colcon.colcon_core.shell:Skip shell extension 'dsv' for command environment
[1.804s] DEBUG:colcon.colcon_core.event_handler.log_command:Invoking command in '/home/mford/ros2_ws/build/node_one': CMAKE_PREFIX_PATH=/opt/ros/humble /usr/bin/cmake --install /home/mford/ros2_ws/build/node_one
[1.840s] Level 1:colcon.colcon_core.environment:create_environment_scripts_only(node_one)
[1.840s] DEBUG:colcon.colcon_core.event_handler.log_command:Invoked command in '/home/mford/ros2_ws/build/node_one' returned '0': CMAKE_PREFIX_PATH=/opt/ros/humble /usr/bin/cmake --install /home/mford/ros2_ws/build/node_one
[1.852s] Level 1:colcon.colcon_core.environment:checking '/home/mford/ros2_ws/install/node_one' for CMake module files
[1.855s] Level 1:colcon.colcon_core.environment:checking '/home/mford/ros2_ws/install/node_one' for CMake config files
[1.856s] Level 1:colcon.colcon_core.shell:create_environment_hook('node_one', 'cmake_prefix_path')
[1.858s] INFO:colcon.colcon_core.shell:Creating environment hook '/home/mford/ros2_ws/install/node_one/share/node_one/hook/cmake_prefix_path.ps1'
[1.862s] INFO:colcon.colcon_core.shell:Creating environment descriptor '/home/mford/ros2_ws/install/node_one/share/node_one/hook/cmake_prefix_path.dsv'
[1.864s] INFO:colcon.colcon_core.shell:Creating environment hook '/home/mford/ros2_ws/install/node_one/share/node_one/hook/cmake_prefix_path.sh'
[1.868s] Level 1:colcon.colcon_core.environment:checking '/home/mford/ros2_ws/install/node_one/bin'
[1.869s] Level 1:colcon.colcon_core.environment:checking '/home/mford/ros2_ws/install/node_one/lib/pkgconfig/node_one.pc'
[1.870s] Level 1:colcon.colcon_core.environment:checking '/home/mford/ros2_ws/install/node_one/lib/python3.10/site-packages'
[1.870s] Level 1:colcon.colcon_core.environment:checking '/home/mford/ros2_ws/install/node_one/bin'
[1.871s] INFO:colcon.colcon_core.shell:Creating package script '/home/mford/ros2_ws/install/node_one/share/node_one/package.ps1'
[1.872s] INFO:colcon.colcon_core.shell:Creating package descriptor '/home/mford/ros2_ws/install/node_one/share/node_one/package.dsv'
[1.874s] INFO:colcon.colcon_core.shell:Creating package script '/home/mford/ros2_ws/install/node_one/share/node_one/package.sh'
[1.875s] INFO:colcon.colcon_core.shell:Creating package script '/home/mford/ros2_ws/install/node_one/share/node_one/package.bash'
[1.876s] INFO:colcon.colcon_core.shell:Creating package script '/home/mford/ros2_ws/install/node_one/share/node_one/package.zsh'
[1.878s] Level 1:colcon.colcon_core.environment:create_file_with_runtime_dependencies(/home/mford/ros2_ws/install/node_one/share/colcon-core/packages/node_one)
[1.934s] Level 1:colcon.colcon_core.environment:create_environment_scripts_only(node_one)
[1.935s] Level 1:colcon.colcon_core.environment:checking '/home/mford/ros2_ws/install/node_one' for CMake module files
[1.938s] Level 1:colcon.colcon_core.environment:checking '/home/mford/ros2_ws/install/node_one' for CMake config files
[1.939s] Level 1:colcon.colcon_core.shell:create_environment_hook('node_one', 'cmake_prefix_path')
[1.940s] INFO:colcon.colcon_core.shell:Creating environment hook '/home/mford/ros2_ws/install/node_one/share/node_one/hook/cmake_prefix_path.ps1'
[1.942s] INFO:colcon.colcon_core.shell:Creating environment descriptor '/home/mford/ros2_ws/install/node_one/share/node_one/hook/cmake_prefix_path.dsv'
[1.943s] INFO:colcon.colcon_core.shell:Creating environment hook '/home/mford/ros2_ws/install/node_one/share/node_one/hook/cmake_prefix_path.sh'
[1.945s] Level 1:colcon.colcon_core.environment:checking '/home/mford/ros2_ws/install/node_one/bin'
[1.946s] Level 1:colcon.colcon_core.environment:checking '/home/mford/ros2_ws/install/node_one/lib/pkgconfig/node_one.pc'
[1.947s] Level 1:colcon.colcon_core.environment:checking '/home/mford/ros2_ws/install/node_one/lib/python3.10/site-packages'
[1.948s] Level 1:colcon.colcon_core.environment:checking '/home/mford/ros2_ws/install/node_one/bin'
[1.949s] INFO:colcon.colcon_core.shell:Creating package script '/home/mford/ros2_ws/install/node_one/share/node_one/package.ps1'
[1.951s] INFO:colcon.colcon_core.shell:Creating package descriptor '/home/mford/ros2_ws/install/node_one/share/node_one/package.dsv'
[1.953s] INFO:colcon.colcon_core.shell:Creating package script '/home/mford/ros2_ws/install/node_one/share/node_one/package.sh'
[1.955s] INFO:colcon.colcon_core.shell:Creating package script '/home/mford/ros2_ws/install/node_one/share/node_one/package.bash'
[1.957s] INFO:colcon.colcon_core.shell:Creating package script '/home/mford/ros2_ws/install/node_one/share/node_one/package.zsh'
[1.958s] Level 1:colcon.colcon_core.environment:create_file_with_runtime_dependencies(/home/mford/ros2_ws/install/node_one/share/colcon-core/packages/node_one)
[2.288s] DEBUG:colcon.colcon_core.event_handler.log_command:Invoking command in '/home/mford/ros2_ws/src/my_py_package': PYTHONPATH=/home/mford/ros2_ws/build/my_py_package/prefix_override:/home/mford/ros2_ws/install/my_py_package/lib/python3.10/site-packages:${PYTHONPATH} /usr/bin/python3 -W ignore:setup.py install is deprecated setup.py egg_info --egg-base ../../build/my_py_package build --build-base /home/mford/ros2_ws/build/my_py_package/build install --record /home/mford/ros2_ws/build/my_py_package/install.log --single-version-externally-managed install_data
[2.306s] DEBUG:colcon.colcon_core.event_handler.log_command:Invoking command in '/home/mford/ros2_ws/src/publisher_pkg': PYTHONPATH=/home/mford/ros2_ws/build/publisher_pkg/prefix_override:/home/mford/ros2_ws/install/publisher_pkg/lib/python3.10/site-packages:${PYTHONPATH} /usr/bin/python3 -W ignore:setup.py install is deprecated setup.py egg_info --egg-base ../../build/publisher_pkg build --build-base /home/mford/ros2_ws/build/publisher_pkg/build install --record /home/mford/ros2_ws/build/publisher_pkg/install.log --single-version-externally-managed install_data
[2.328s] DEBUG:colcon.colcon_core.event_handler.log_command:Invoking command in '/home/mford/ros2_ws/src/subscriber_pkg': PYTHONPATH=/home/mford/ros2_ws/build/subscriber_pkg/prefix_override:/home/mford/ros2_ws/install/subscriber_pkg/lib/python3.10/site-packages:${PYTHONPATH} /usr/bin/python3 -W ignore:setup.py install is deprecated setup.py egg_info --egg-base ../../build/subscriber_pkg build --build-base /home/mford/ros2_ws/build/subscriber_pkg/build install --record /home/mford/ros2_ws/build/subscriber_pkg/install.log --single-version-externally-managed install_data
[2.729s] Level 1:colcon.colcon_core.environment:checking '/home/mford/ros2_ws/install/my_py_package' for CMake module files
[2.732s] DEBUG:colcon.colcon_core.event_handler.log_command:Invoked command in '/home/mford/ros2_ws/src/my_py_package' returned '0': PYTHONPATH=/home/mford/ros2_ws/build/my_py_package/prefix_override:/home/mford/ros2_ws/install/my_py_package/lib/python3.10/site-packages:${PYTHONPATH} /usr/bin/python3 -W ignore:setup.py install is deprecated setup.py egg_info --egg-base ../../build/my_py_package build --build-base /home/mford/ros2_ws/build/my_py_package/build install --record /home/mford/ros2_ws/build/my_py_package/install.log --single-version-externally-managed install_data
[2.735s] Level 1:colcon.colcon_core.environment:checking '/home/mford/ros2_ws/install/my_py_package' for CMake config files
[2.737s] Level 1:colcon.colcon_core.environment:checking '/home/mford/ros2_ws/install/my_py_package/lib'
[2.738s] Level 1:colcon.colcon_core.environment:checking '/home/mford/ros2_ws/install/my_py_package/bin'
[2.739s] Level 1:colcon.colcon_core.environment:checking '/home/mford/ros2_ws/install/my_py_package/lib/pkgconfig/my_py_package.pc'
[2.740s] Level 1:colcon.colcon_core.environment:checking '/home/mford/ros2_ws/install/my_py_package/lib/python3.10/site-packages'
[2.741s] Level 1:colcon.colcon_core.shell:create_environment_hook('my_py_package', 'pythonpath')
[2.742s] INFO:colcon.colcon_core.shell:Creating environment hook '/home/mford/ros2_ws/install/my_py_package/share/my_py_package/hook/pythonpath.ps1'
[2.745s] INFO:colcon.colcon_core.shell:Creating environment descriptor '/home/mford/ros2_ws/install/my_py_package/share/my_py_package/hook/pythonpath.dsv'
[2.748s] INFO:colcon.colcon_core.shell:Creating environment hook '/home/mford/ros2_ws/install/my_py_package/share/my_py_package/hook/pythonpath.sh'
[2.751s] Level 1:colcon.colcon_core.environment:checking '/home/mford/ros2_ws/install/my_py_package/bin'
[2.751s] Level 1:colcon.colcon_core.environment:create_environment_scripts_only(my_py_package)
[2.753s] INFO:colcon.colcon_core.shell:Creating package script '/home/mford/ros2_ws/install/my_py_package/share/my_py_package/package.ps1'
[2.755s] INFO:colcon.colcon_core.shell:Creating package descriptor '/home/mford/ros2_ws/install/my_py_package/share/my_py_package/package.dsv'
[2.757s] INFO:colcon.colcon_core.shell:Creating package script '/home/mford/ros2_ws/install/my_py_package/share/my_py_package/package.sh'
[2.759s] INFO:colcon.colcon_core.shell:Creating package script '/home/mford/ros2_ws/install/my_py_package/share/my_py_package/package.bash'
[2.761s] INFO:colcon.colcon_core.shell:Creating package script '/home/mford/ros2_ws/install/my_py_package/share/my_py_package/package.zsh'
[2.762s] Level 1:colcon.colcon_core.environment:create_file_with_runtime_dependencies(/home/mford/ros2_ws/install/my_py_package/share/colcon-core/packages/my_py_package)
[2.767s] Level 1:colcon.colcon_core.environment:checking '/home/mford/ros2_ws/install/subscriber_pkg' for CMake module files
[2.770s] DEBUG:colcon.colcon_core.event_handler.log_command:Invoked command in '/home/mford/ros2_ws/src/subscriber_pkg' returned '0': PYTHONPATH=/home/mford/ros2_ws/build/subscriber_pkg/prefix_override:/home/mford/ros2_ws/install/subscriber_pkg/lib/python3.10/site-packages:${PYTHONPATH} /usr/bin/python3 -W ignore:setup.py install is deprecated setup.py egg_info --egg-base ../../build/subscriber_pkg build --build-base /home/mford/ros2_ws/build/subscriber_pkg/build install --record /home/mford/ros2_ws/build/subscriber_pkg/install.log --single-version-externally-managed install_data
[2.771s] Level 1:colcon.colcon_core.environment:checking '/home/mford/ros2_ws/install/subscriber_pkg' for CMake config files
[2.773s] Level 1:colcon.colcon_core.environment:checking '/home/mford/ros2_ws/install/subscriber_pkg/lib'
[2.773s] Level 1:colcon.colcon_core.environment:checking '/home/mford/ros2_ws/install/subscriber_pkg/bin'
[2.774s] Level 1:colcon.colcon_core.environment:checking '/home/mford/ros2_ws/install/subscriber_pkg/lib/pkgconfig/subscriber_pkg.pc'
[2.775s] Level 1:colcon.colcon_core.environment:checking '/home/mford/ros2_ws/install/subscriber_pkg/lib/python3.10/site-packages'
[2.775s] Level 1:colcon.colcon_core.shell:create_environment_hook('subscriber_pkg', 'pythonpath')
[2.776s] INFO:colcon.colcon_core.shell:Creating environment hook '/home/mford/ros2_ws/install/subscriber_pkg/share/subscriber_pkg/hook/pythonpath.ps1'
[2.777s] INFO:colcon.colcon_core.shell:Creating environment descriptor '/home/mford/ros2_ws/install/subscriber_pkg/share/subscriber_pkg/hook/pythonpath.dsv'
[2.778s] INFO:colcon.colcon_core.shell:Creating environment hook '/home/mford/ros2_ws/install/subscriber_pkg/share/subscriber_pkg/hook/pythonpath.sh'
[2.780s] Level 1:colcon.colcon_core.environment:checking '/home/mford/ros2_ws/install/subscriber_pkg/bin'
[2.780s] Level 1:colcon.colcon_core.environment:create_environment_scripts_only(subscriber_pkg)
[2.782s] INFO:colcon.colcon_core.shell:Creating package script '/home/mford/ros2_ws/install/subscriber_pkg/share/subscriber_pkg/package.ps1'
[2.784s] INFO:colcon.colcon_core.shell:Creating package descriptor '/home/mford/ros2_ws/install/subscriber_pkg/share/subscriber_pkg/package.dsv'
[2.785s] INFO:colcon.colcon_core.shell:Creating package script '/home/mford/ros2_ws/install/subscriber_pkg/share/subscriber_pkg/package.sh'
[2.787s] INFO:colcon.colcon_core.shell:Creating package script '/home/mford/ros2_ws/install/subscriber_pkg/share/subscriber_pkg/package.bash'
[2.788s] INFO:colcon.colcon_core.shell:Creating package script '/home/mford/ros2_ws/install/subscriber_pkg/share/subscriber_pkg/package.zsh'
[2.789s] Level 1:colcon.colcon_core.environment:create_file_with_runtime_dependencies(/home/mford/ros2_ws/install/subscriber_pkg/share/colcon-core/packages/subscriber_pkg)
[2.791s] Level 1:colcon.colcon_core.environment:checking '/home/mford/ros2_ws/install/publisher_pkg' for CMake module files
[2.793s] Level 1:colcon.colcon_core.environment:checking '/home/mford/ros2_ws/install/publisher_pkg' for CMake config files
[2.794s] DEBUG:colcon.colcon_core.event_handler.log_command:Invoked command in '/home/mford/ros2_ws/src/publisher_pkg' returned '0': PYTHONPATH=/home/mford/ros2_ws/build/publisher_pkg/prefix_override:/home/mford/ros2_ws/install/publisher_pkg/lib/python3.10/site-packages:${PYTHONPATH} /usr/bin/python3 -W ignore:setup.py install is deprecated setup.py egg_info --egg-base ../../build/publisher_pkg build --build-base /home/mford/ros2_ws/build/publisher_pkg/build install --record /home/mford/ros2_ws/build/publisher_pkg/install.log --single-version-externally-managed install_data
[2.795s] Level 1:colcon.colcon_core.environment:checking '/home/mford/ros2_ws/install/publisher_pkg/lib'
[2.795s] Level 1:colcon.colcon_core.environment:checking '/home/mford/ros2_ws/install/publisher_pkg/bin'
[2.795s] Level 1:colcon.colcon_core.environment:checking '/home/mford/ros2_ws/install/publisher_pkg/lib/pkgconfig/publisher_pkg.pc'
[2.795s] Level 1:colcon.colcon_core.environment:checking '/home/mford/ros2_ws/install/publisher_pkg/lib/python3.10/site-packages'
[2.795s] Level 1:colcon.colcon_core.shell:create_environment_hook('publisher_pkg', 'pythonpath')
[2.795s] INFO:colcon.colcon_core.shell:Creating environment hook '/home/mford/ros2_ws/install/publisher_pkg/share/publisher_pkg/hook/pythonpath.ps1'
[2.796s] INFO:colcon.colcon_core.shell:Creating environment descriptor '/home/mford/ros2_ws/install/publisher_pkg/share/publisher_pkg/hook/pythonpath.dsv'
[2.796s] INFO:colcon.colcon_core.shell:Creating environment hook '/home/mford/ros2_ws/install/publisher_pkg/share/publisher_pkg/hook/pythonpath.sh'
[2.797s] Level 1:colcon.colcon_core.environment:checking '/home/mford/ros2_ws/install/publisher_pkg/bin'
[2.797s] Level 1:colcon.colcon_core.environment:create_environment_scripts_only(publisher_pkg)
[2.797s] INFO:colcon.colcon_core.shell:Creating package script '/home/mford/ros2_ws/install/publisher_pkg/share/publisher_pkg/package.ps1'
[2.798s] INFO:colcon.colcon_core.shell:Creating package descriptor '/home/mford/ros2_ws/install/publisher_pkg/share/publisher_pkg/package.dsv'
[2.798s] INFO:colcon.colcon_core.shell:Creating package script '/home/mford/ros2_ws/install/publisher_pkg/share/publisher_pkg/package.sh'
[2.799s] INFO:colcon.colcon_core.shell:Creating package script '/home/mford/ros2_ws/install/publisher_pkg/share/publisher_pkg/package.bash'
[2.799s] INFO:colcon.colcon_core.shell:Creating package script '/home/mford/ros2_ws/install/publisher_pkg/share/publisher_pkg/package.zsh'
[2.799s] Level 1:colcon.colcon_core.environment:create_file_with_runtime_dependencies(/home/mford/ros2_ws/install/publisher_pkg/share/colcon-core/packages/publisher_pkg)
[2.800s] DEBUG:colcon.colcon_parallel_executor.executor.parallel:closing loop
[2.800s] DEBUG:colcon.colcon_parallel_executor.executor.parallel:loop closed
[2.800s] DEBUG:colcon.colcon_parallel_executor.executor.parallel:run_until_complete finished with '0'
[2.800s] DEBUG:colcon.colcon_core.event_reactor:joining thread
[2.854s] INFO:colcon.colcon_core.plugin_system:Skipping extension 'colcon_notification.desktop_notification.terminal_notifier': Not used on non-Darwin systems
[2.854s] INFO:colcon.colcon_core.plugin_system:Skipping extension 'colcon_notification.desktop_notification.win32': Not used on non-Windows systems
[2.854s] INFO:colcon.colcon_notification.desktop_notification:Sending desktop notification using 'notify2'
[2.874s] DEBUG:colcon.colcon_core.event_reactor:joined thread
[2.875s] INFO:colcon.colcon_core.shell:Creating prefix script '/home/mford/ros2_ws/install/local_setup.ps1'
[2.876s] INFO:colcon.colcon_core.shell:Creating prefix util module '/home/mford/ros2_ws/install/_local_setup_util_ps1.py'
[2.878s] INFO:colcon.colcon_core.shell:Creating prefix chain script '/home/mford/ros2_ws/install/setup.ps1'
[2.880s] INFO:colcon.colcon_core.shell:Creating prefix script '/home/mford/ros2_ws/install/local_setup.sh'
[2.880s] INFO:colcon.colcon_core.shell:Creating prefix util module '/home/mford/ros2_ws/install/_local_setup_util_sh.py'
[2.881s] INFO:colcon.colcon_core.shell:Creating prefix chain script '/home/mford/ros2_ws/install/setup.sh'
[2.882s] INFO:colcon.colcon_core.shell:Creating prefix script '/home/mford/ros2_ws/install/local_setup.bash'
[2.883s] INFO:colcon.colcon_core.shell:Creating prefix chain script '/home/mford/ros2_ws/install/setup.bash'
[2.884s] INFO:colcon.colcon_core.shell:Creating prefix script '/home/mford/ros2_ws/install/local_setup.zsh'
[2.885s] INFO:colcon.colcon_core.shell:Creating prefix chain script '/home/mford/ros2_ws/install/setup.zsh'
