[1.874s] Invoking command in '/home/mford/ros2_ws/src/my_py_package': PYTHONPATH=/home/mford/ros2_ws/build/my_py_package/prefix_override:/home/mford/ros2_ws/install/my_py_package/lib/python3.10/site-packages:${PYTHONPATH} /usr/bin/python3 -W ignore:setup.py install is deprecated setup.py egg_info --egg-base ../../build/my_py_package build --build-base /home/mford/ros2_ws/build/my_py_package/build install --record /home/mford/ros2_ws/build/my_py_package/install.log --single-version-externally-managed install_data
[2.173s] running egg_info
[2.174s] writing ../../build/my_py_package/my_py_package.egg-info/PKG-INFO
[2.175s] writing dependency_links to ../../build/my_py_package/my_py_package.egg-info/dependency_links.txt
[2.176s] writing entry points to ../../build/my_py_package/my_py_package.egg-info/entry_points.txt
[2.176s] writing requirements to ../../build/my_py_package/my_py_package.egg-info/requires.txt
[2.177s] writing top-level names to ../../build/my_py_package/my_py_package.egg-info/top_level.txt
[2.180s] reading manifest file '../../build/my_py_package/my_py_package.egg-info/SOURCES.txt'
[2.182s] writing manifest file '../../build/my_py_package/my_py_package.egg-info/SOURCES.txt'
[2.182s] running build
[2.183s] running build_py
[2.184s] running install
[2.184s] running install_lib
[2.186s] running install_data
[2.186s] running install_egg_info
[2.190s] removing '/home/mford/ros2_ws/install/my_py_package/lib/python3.10/site-packages/my_py_package-0.0.0-py3.10.egg-info' (and everything under it)
[2.191s] Copying ../../build/my_py_package/my_py_package.egg-info to /home/mford/ros2_ws/install/my_py_package/lib/python3.10/site-packages/my_py_package-0.0.0-py3.10.egg-info
[2.191s] running install_scripts
[2.232s] Installing my_publisher script to /home/mford/ros2_ws/install/my_py_package/lib/my_py_package
[2.233s] writing list of installed files to '/home/mford/ros2_ws/build/my_py_package/install.log'
[2.362s] Invoked command in '/home/mford/ros2_ws/src/my_py_package' returned '0': PYTHONPATH=/home/mford/ros2_ws/build/my_py_package/prefix_override:/home/mford/ros2_ws/install/my_py_package/lib/python3.10/site-packages:${PYTHONPATH} /usr/bin/python3 -W ignore:setup.py install is deprecated setup.py egg_info --egg-base ../../build/my_py_package build --build-base /home/mford/ros2_ws/build/my_py_package/build install --record /home/mford/ros2_ws/build/my_py_package/install.log --single-version-externally-managed install_data
