[1.872s] Invoking command in '/home/mford/ros2_ws/src/publisher_pkg': PYTHONPATH=/home/mford/ros2_ws/build/publisher_pkg/prefix_override:/home/mford/ros2_ws/install/publisher_pkg/lib/python3.10/site-packages:${PYTHONPATH} /usr/bin/python3 -W ignore:setup.py install is deprecated setup.py egg_info --egg-base ../../build/publisher_pkg build --build-base /home/mford/ros2_ws/build/publisher_pkg/build install --record /home/mford/ros2_ws/build/publisher_pkg/install.log --single-version-externally-managed install_data
[2.195s] running egg_info
[2.195s] writing ../../build/publisher_pkg/publisher_pkg.egg-info/PKG-INFO
[2.196s] writing dependency_links to ../../build/publisher_pkg/publisher_pkg.egg-info/dependency_links.txt
[2.197s] writing entry points to ../../build/publisher_pkg/publisher_pkg.egg-info/entry_points.txt
[2.198s] writing requirements to ../../build/publisher_pkg/publisher_pkg.egg-info/requires.txt
[2.199s] writing top-level names to ../../build/publisher_pkg/publisher_pkg.egg-info/top_level.txt
[2.203s] reading manifest file '../../build/publisher_pkg/publisher_pkg.egg-info/SOURCES.txt'
[2.206s] writing manifest file '../../build/publisher_pkg/publisher_pkg.egg-info/SOURCES.txt'
[2.206s] running build
[2.206s] running build_py
[2.207s] copying publisher_pkg/publisher.py -> /home/mford/ros2_ws/build/publisher_pkg/build/lib/publisher_pkg
[2.208s] running install
[2.208s] running install_lib
[2.212s] copying /home/mford/ros2_ws/build/publisher_pkg/build/lib/publisher_pkg/publisher.py -> /home/mford/ros2_ws/install/publisher_pkg/lib/python3.10/site-packages/publisher_pkg
[2.212s] byte-compiling /home/mford/ros2_ws/install/publisher_pkg/lib/python3.10/site-packages/publisher_pkg/publisher.py to publisher.cpython-310.pyc
[2.213s] running install_data
[2.213s] running install_egg_info
[2.217s] removing '/home/mford/ros2_ws/install/publisher_pkg/lib/python3.10/site-packages/publisher_pkg-0.0.0-py3.10.egg-info' (and everything under it)
[2.217s] Copying ../../build/publisher_pkg/publisher_pkg.egg-info to /home/mford/ros2_ws/install/publisher_pkg/lib/python3.10/site-packages/publisher_pkg-0.0.0-py3.10.egg-info
[2.218s] running install_scripts
[2.241s] Installing publisher script to /home/mford/ros2_ws/install/publisher_pkg/lib/publisher_pkg
[2.242s] writing list of installed files to '/home/mford/ros2_ws/build/publisher_pkg/install.log'
[2.373s] Invoked command in '/home/mford/ros2_ws/src/publisher_pkg' returned '0': PYTHONPATH=/home/mford/ros2_ws/build/publisher_pkg/prefix_override:/home/mford/ros2_ws/install/publisher_pkg/lib/python3.10/site-packages:${PYTHONPATH} /usr/bin/python3 -W ignore:setup.py install is deprecated setup.py egg_info --egg-base ../../build/publisher_pkg build --build-base /home/mford/ros2_ws/build/publisher_pkg/build install --record /home/mford/ros2_ws/build/publisher_pkg/install.log --single-version-externally-managed install_data
