[0.426s] Invoking command in '/home/mford/ros2_ws/build/node_one': CMAKE_PREFIX_PATH=${CMAKE_PREFIX_PATH}:/home/mford/ros2_ws/install/subscriber_pkg:/home/mford/ros2_ws/install/publisher_pkg:/home/mford/ros2_ws/install/my_py_package:/opt/ros/humble /usr/bin/cmake --build /home/mford/ros2_ws/build/node_one -- -j8 -l8
[1.357s] Invoked command in '/home/mford/ros2_ws/build/node_one' returned '0': CMAKE_PREFIX_PATH=${CMAKE_PREFIX_PATH}:/home/mford/ros2_ws/install/subscriber_pkg:/home/mford/ros2_ws/install/publisher_pkg:/home/mford/ros2_ws/install/my_py_package:/opt/ros/humble /usr/bin/cmake --build /home/mford/ros2_ws/build/node_one -- -j8 -l8
[1.468s] Invoking command in '/home/mford/ros2_ws/build/node_one': CMAKE_PREFIX_PATH=${CMAKE_PREFIX_PATH}:/home/mford/ros2_ws/install/subscriber_pkg:/home/mford/ros2_ws/install/publisher_pkg:/home/mford/ros2_ws/install/my_py_package:/opt/ros/humble /usr/bin/cmake --install /home/mford/ros2_ws/build/node_one
[1.490s] -- Install configuration: ""
[1.491s] -- Up-to-date: /home/mford/ros2_ws/install/node_one/share/ament_index/resource_index/package_run_dependencies/node_one
[1.492s] -- Up-to-date: /home/mford/ros2_ws/install/node_one/share/ament_index/resource_index/parent_prefix_path/node_one
[1.492s] -- Up-to-date: /home/mford/ros2_ws/install/node_one/share/node_one/environment/ament_prefix_path.sh
[1.493s] -- Up-to-date: /home/mford/ros2_ws/install/node_one/share/node_one/environment/ament_prefix_path.dsv
[1.494s] -- Up-to-date: /home/mford/ros2_ws/install/node_one/share/node_one/environment/path.sh
[1.495s] -- Up-to-date: /home/mford/ros2_ws/install/node_one/share/node_one/environment/path.dsv
[1.496s] -- Up-to-date: /home/mford/ros2_ws/install/node_one/share/node_one/local_setup.bash
[1.497s] -- Up-to-date: /home/mford/ros2_ws/install/node_one/share/node_one/local_setup.sh
[1.499s] -- Up-to-date: /home/mford/ros2_ws/install/node_one/share/node_one/local_setup.zsh
[1.500s] -- Up-to-date: /home/mford/ros2_ws/install/node_one/share/node_one/local_setup.dsv
[1.500s] -- Installing: /home/mford/ros2_ws/install/node_one/share/node_one/package.dsv
[1.502s] -- Up-to-date: /home/mford/ros2_ws/install/node_one/share/ament_index/resource_index/packages/node_one
[1.503s] -- Up-to-date: /home/mford/ros2_ws/install/node_one/share/node_one/cmake/node_oneConfig.cmake
[1.503s] -- Up-to-date: /home/mford/ros2_ws/install/node_one/share/node_one/cmake/node_oneConfig-version.cmake
[1.504s] -- Up-to-date: /home/mford/ros2_ws/install/node_one/share/node_one/package.xml
[1.505s] Invoked command in '/home/mford/ros2_ws/build/node_one' returned '0': CMAKE_PREFIX_PATH=${CMAKE_PREFIX_PATH}:/home/mford/ros2_ws/install/subscriber_pkg:/home/mford/ros2_ws/install/publisher_pkg:/home/mford/ros2_ws/install/my_py_package:/opt/ros/humble /usr/bin/cmake --install /home/mford/ros2_ws/build/node_one
