[0.540s] Invoking command in '/home/mford/ros2_ws/build/node_one': CMAKE_PREFIX_PATH=${CMAKE_PREFIX_PATH}:/home/mford/ros2_ws/install/subscriber_pkg:/home/mford/ros2_ws/install/publisher_pkg:/home/mford/ros2_ws/install/my_py_package:/opt/ros/humble /usr/bin/cmake --build /home/mford/ros2_ws/build/node_one -- -j8 -l8
[1.348s] Invoked command in '/home/mford/ros2_ws/build/node_one' returned '0': CMAKE_PREFIX_PATH=${CMAKE_PREFIX_PATH}:/home/mford/ros2_ws/install/subscriber_pkg:/home/mford/ros2_ws/install/publisher_pkg:/home/mford/ros2_ws/install/my_py_package:/opt/ros/humble /usr/bin/cmake --build /home/mford/ros2_ws/build/node_one -- -j8 -l8
[1.453s] Invoking command in '/home/mford/ros2_ws/build/node_one': CMAKE_PREFIX_PATH=${CMAKE_PREFIX_PATH}:/home/mford/ros2_ws/install/subscriber_pkg:/home/mford/ros2_ws/install/publisher_pkg:/home/mford/ros2_ws/install/my_py_package:/opt/ros/humble /usr/bin/cmake --install /home/mford/ros2_ws/build/node_one
[1.474s] -- Install configuration: ""
[1.475s] -- Up-to-date: /home/mford/ros2_ws/install/node_one/share/ament_index/resource_index/package_run_dependencies/node_one
[1.476s] -- Up-to-date: /home/mford/ros2_ws/install/node_one/share/ament_index/resource_index/parent_prefix_path/node_one
[1.476s] -- Up-to-date: /home/mford/ros2_ws/install/node_one/share/node_one/environment/ament_prefix_path.sh
[1.477s] -- Up-to-date: /home/mford/ros2_ws/install/node_one/share/node_one/environment/ament_prefix_path.dsv
[1.477s] -- Up-to-date: /home/mford/ros2_ws/install/node_one/share/node_one/environment/path.sh
[1.478s] -- Up-to-date: /home/mford/ros2_ws/install/node_one/share/node_one/environment/path.dsv
[1.478s] -- Up-to-date: /home/mford/ros2_ws/install/node_one/share/node_one/local_setup.bash
[1.478s] -- Up-to-date: /home/mford/ros2_ws/install/node_one/share/node_one/local_setup.sh
[1.479s] -- Up-to-date: /home/mford/ros2_ws/install/node_one/share/node_one/local_setup.zsh
[1.479s] -- Up-to-date: /home/mford/ros2_ws/install/node_one/share/node_one/local_setup.dsv
[1.480s] -- Up-to-date: /home/mford/ros2_ws/install/node_one/share/node_one/package.dsv
[1.480s] -- Up-to-date: /home/mford/ros2_ws/install/node_one/share/ament_index/resource_index/packages/node_one
[1.480s] -- Up-to-date: /home/mford/ros2_ws/install/node_one/share/node_one/cmake/node_oneConfig.cmake
[1.481s] -- Up-to-date: /home/mford/ros2_ws/install/node_one/share/node_one/cmake/node_oneConfig-version.cmake
[1.482s] -- Up-to-date: /home/mford/ros2_ws/install/node_one/share/node_one/package.xml
[1.485s] Invoked command in '/home/mford/ros2_ws/build/node_one' returned '0': CMAKE_PREFIX_PATH=${CMAKE_PREFIX_PATH}:/home/mford/ros2_ws/install/subscriber_pkg:/home/mford/ros2_ws/install/publisher_pkg:/home/mford/ros2_ws/install/my_py_package:/opt/ros/humble /usr/bin/cmake --install /home/mford/ros2_ws/build/node_one
