[0.413s] Invoking command in '/home/mford/ros2_ws/build/node_one': CMAKE_PREFIX_PATH=/opt/ros/humble /usr/bin/cmake /home/mford/ros2_ws/src/node_one -DCMAKE_INSTALL_PREFIX=/home/mford/ros2_ws/install/node_one
[0.829s] -- The C compiler identification is GNU 11.4.0
[0.976s] -- The CXX compiler identification is GNU 11.4.0
[1.002s] -- Detecting C compiler ABI info
[1.250s] -- Detecting C compiler ABI info - done
[1.287s] -- Check for working C compiler: /usr/bin/cc - skipped
[1.288s] -- Detecting C compile features
[1.289s] -- Detecting C compile features - done
[1.302s] -- Detecting CXX compiler ABI info
[1.523s] -- Detecting CXX compiler ABI info - done
[1.563s] -- Check for working CXX compiler: /usr/bin/c++ - skipped
[1.564s] -- Detecting CXX compile features
[1.566s] -- Detecting CXX compile features - done
[1.572s] -- Found ament_cmake: 1.3.8 (/opt/ros/humble/share/ament_cmake/cmake)
[1.905s] -- Found Python3: /usr/bin/python3 (found version "3.10.12") found components: Interpreter 
[2.089s] -- Found ament_lint_auto: 0.12.10 (/opt/ros/humble/share/ament_lint_auto/cmake)
[2.268s] -- Added test 'lint_cmake' to check CMake code style
[2.270s] -- Added test 'xmllint' to check XML markup files
[2.270s] -- Configuring done
[2.271s] -- Generating done
[2.273s] -- Build files have been written to: /home/mford/ros2_ws/build/node_one
[2.284s] Invoked command in '/home/mford/ros2_ws/build/node_one' returned '0': CMAKE_PREFIX_PATH=/opt/ros/humble /usr/bin/cmake /home/mford/ros2_ws/src/node_one -DCMAKE_INSTALL_PREFIX=/home/mford/ros2_ws/install/node_one
[2.289s] Invoking command in '/home/mford/ros2_ws/build/node_one': CMAKE_PREFIX_PATH=/opt/ros/humble /usr/bin/cmake --build /home/mford/ros2_ws/build/node_one -- -j8 -l8
[2.387s] Invoked command in '/home/mford/ros2_ws/build/node_one' returned '0': CMAKE_PREFIX_PATH=/opt/ros/humble /usr/bin/cmake --build /home/mford/ros2_ws/build/node_one -- -j8 -l8
[2.468s] Invoking command in '/home/mford/ros2_ws/build/node_one': CMAKE_PREFIX_PATH=/opt/ros/humble /usr/bin/cmake --install /home/mford/ros2_ws/build/node_one
[2.495s] -- Install configuration: ""
[2.496s] -- Installing: /home/mford/ros2_ws/install/node_one/share/ament_index/resource_index/package_run_dependencies/node_one
[2.497s] -- Installing: /home/mford/ros2_ws/install/node_one/share/ament_index/resource_index/parent_prefix_path/node_one
[2.497s] -- Installing: /home/mford/ros2_ws/install/node_one/share/node_one/environment/ament_prefix_path.sh
[2.498s] -- Installing: /home/mford/ros2_ws/install/node_one/share/node_one/environment/ament_prefix_path.dsv
[2.498s] -- Installing: /home/mford/ros2_ws/install/node_one/share/node_one/environment/path.sh
[2.499s] -- Installing: /home/mford/ros2_ws/install/node_one/share/node_one/environment/path.dsv
[2.499s] -- Installing: /home/mford/ros2_ws/install/node_one/share/node_one/local_setup.bash
[2.500s] -- Installing: /home/mford/ros2_ws/install/node_one/share/node_one/local_setup.sh
[2.501s] -- Installing: /home/mford/ros2_ws/install/node_one/share/node_one/local_setup.zsh
[2.502s] -- Installing: /home/mford/ros2_ws/install/node_one/share/node_one/local_setup.dsv
[2.505s] -- Installing: /home/mford/ros2_ws/install/node_one/share/node_one/package.dsv
[2.506s] -- Installing: /home/mford/ros2_ws/install/node_one/share/ament_index/resource_index/packages/node_one
[2.506s] -- Installing: /home/mford/ros2_ws/install/node_one/share/node_one/cmake/node_oneConfig.cmake
[2.507s] -- Installing: /home/mford/ros2_ws/install/node_one/share/node_one/cmake/node_oneConfig-version.cmake
[2.507s] -- Installing: /home/mford/ros2_ws/install/node_one/share/node_one/package.xml
[2.508s] Invoked command in '/home/mford/ros2_ws/build/node_one' returned '0': CMAKE_PREFIX_PATH=/opt/ros/humble /usr/bin/cmake --install /home/mford/ros2_ws/build/node_one
