[1.752s] Invoking command in '/home/mford/ros2_ws/src/publisher_pkg': PYTHONPATH=/home/mford/ros2_ws/build/publisher_pkg/prefix_override:/home/mford/ros2_ws/install/publisher_pkg/lib/python3.10/site-packages:${PYTHONPATH} /usr/bin/python3 -W ignore:setup.py install is deprecated setup.py egg_info --egg-base ../../build/publisher_pkg build --build-base /home/mford/ros2_ws/build/publisher_pkg/build install --record /home/mford/ros2_ws/build/publisher_pkg/install.log --single-version-externally-managed install_data
[2.067s] running egg_info
[2.068s] creating ../../build/publisher_pkg/publisher_pkg.egg-info
[2.068s] writing ../../build/publisher_pkg/publisher_pkg.egg-info/PKG-INFO
[2.069s] writing dependency_links to ../../build/publisher_pkg/publisher_pkg.egg-info/dependency_links.txt
[2.069s] writing entry points to ../../build/publisher_pkg/publisher_pkg.egg-info/entry_points.txt
[2.070s] writing requirements to ../../build/publisher_pkg/publisher_pkg.egg-info/requires.txt
[2.070s] writing top-level names to ../../build/publisher_pkg/publisher_pkg.egg-info/top_level.txt
[2.070s] writing manifest file '../../build/publisher_pkg/publisher_pkg.egg-info/SOURCES.txt'
[2.071s] reading manifest file '../../build/publisher_pkg/publisher_pkg.egg-info/SOURCES.txt'
[2.072s] writing manifest file '../../build/publisher_pkg/publisher_pkg.egg-info/SOURCES.txt'
[2.073s] running build
[2.073s] running build_py
[2.074s] creating /home/mford/ros2_ws/build/publisher_pkg/build
[2.074s] creating /home/mford/ros2_ws/build/publisher_pkg/build/lib
[2.074s] creating /home/mford/ros2_ws/build/publisher_pkg/build/lib/publisher_pkg
[2.075s] copying publisher_pkg/__init__.py -> /home/mford/ros2_ws/build/publisher_pkg/build/lib/publisher_pkg
[2.075s] copying publisher_pkg/publisher.py -> /home/mford/ros2_ws/build/publisher_pkg/build/lib/publisher_pkg
[2.076s] running install
[2.076s] running install_lib
[2.077s] creating /home/mford/ros2_ws/install/publisher_pkg/lib/python3.10/site-packages/publisher_pkg
[2.078s] copying /home/mford/ros2_ws/build/publisher_pkg/build/lib/publisher_pkg/__init__.py -> /home/mford/ros2_ws/install/publisher_pkg/lib/python3.10/site-packages/publisher_pkg
[2.078s] copying /home/mford/ros2_ws/build/publisher_pkg/build/lib/publisher_pkg/publisher.py -> /home/mford/ros2_ws/install/publisher_pkg/lib/python3.10/site-packages/publisher_pkg
[2.078s] byte-compiling /home/mford/ros2_ws/install/publisher_pkg/lib/python3.10/site-packages/publisher_pkg/__init__.py to __init__.cpython-310.pyc
[2.079s] byte-compiling /home/mford/ros2_ws/install/publisher_pkg/lib/python3.10/site-packages/publisher_pkg/publisher.py to publisher.cpython-310.pyc
[2.079s] running install_data
[2.079s] creating /home/mford/ros2_ws/install/publisher_pkg/share/ament_index
[2.080s] creating /home/mford/ros2_ws/install/publisher_pkg/share/ament_index/resource_index
[2.080s] creating /home/mford/ros2_ws/install/publisher_pkg/share/ament_index/resource_index/packages
[2.081s]   File "/home/mford/ros2_ws/install/publisher_pkg/lib/python3.10/site-packages/publisher_pkg/publisher.py", line 27
[2.081s]     main()def main():
[2.082s]           ^^^
[2.082s] SyntaxError: invalid syntax
[2.082s] 
[2.083s] copying resource/publisher_pkg -> /home/mford/ros2_ws/install/publisher_pkg/share/ament_index/resource_index/packages
[2.083s] copying package.xml -> /home/mford/ros2_ws/install/publisher_pkg/share/publisher_pkg
[2.083s] running install_egg_info
[2.084s] Copying ../../build/publisher_pkg/publisher_pkg.egg-info to /home/mford/ros2_ws/install/publisher_pkg/lib/python3.10/site-packages/publisher_pkg-0.0.0-py3.10.egg-info
[2.085s] running install_scripts
[2.110s] Installing publisher script to /home/mford/ros2_ws/install/publisher_pkg/lib/publisher_pkg
[2.110s] writing list of installed files to '/home/mford/ros2_ws/build/publisher_pkg/install.log'
[2.169s] Invoked command in '/home/mford/ros2_ws/src/publisher_pkg' returned '0': PYTHONPATH=/home/mford/ros2_ws/build/publisher_pkg/prefix_override:/home/mford/ros2_ws/install/publisher_pkg/lib/python3.10/site-packages:${PYTHONPATH} /usr/bin/python3 -W ignore:setup.py install is deprecated setup.py egg_info --egg-base ../../build/publisher_pkg build --build-base /home/mford/ros2_ws/build/publisher_pkg/build install --record /home/mford/ros2_ws/build/publisher_pkg/install.log --single-version-externally-managed install_data
