[0.427s] Invoking command in '/home/mford/ros2_ws/build/node_one': CMAKE_PREFIX_PATH=${CMAKE_PREFIX_PATH}:/home/mford/ros2_ws/install/subscriber_pkg:/home/mford/ros2_ws/install/publisher_pkg:/home/mford/ros2_ws/install/my_py_package:/opt/ros/humble /usr/bin/cmake --build /home/mford/ros2_ws/build/node_one -- -j8 -l8
[0.970s] Invoked command in '/home/mford/ros2_ws/build/node_one' returned '0': CMAKE_PREFIX_PATH=${CMAKE_PREFIX_PATH}:/home/mford/ros2_ws/install/subscriber_pkg:/home/mford/ros2_ws/install/publisher_pkg:/home/mford/ros2_ws/install/my_py_package:/opt/ros/humble /usr/bin/cmake --build /home/mford/ros2_ws/build/node_one -- -j8 -l8
[1.419s] Invoking command in '/home/mford/ros2_ws/build/node_one': CMAKE_PREFIX_PATH=${CMAKE_PREFIX_PATH}:/home/mford/ros2_ws/install/subscriber_pkg:/home/mford/ros2_ws/install/publisher_pkg:/home/mford/ros2_ws/install/my_py_package:/opt/ros/humble /usr/bin/cmake --install /home/mford/ros2_ws/build/node_one
[1.445s] -- Install configuration: ""
[1.446s] -- Up-to-date: /home/mford/ros2_ws/install/node_one/share/ament_index/resource_index/package_run_dependencies/node_one
[1.447s] -- Up-to-date: /home/mford/ros2_ws/install/node_one/share/ament_index/resource_index/parent_prefix_path/node_one
[1.447s] -- Up-to-date: /home/mford/ros2_ws/install/node_one/share/node_one/environment/ament_prefix_path.sh
[1.449s] -- Up-to-date: /home/mford/ros2_ws/install/node_one/share/node_one/environment/ament_prefix_path.dsv
[1.449s] -- Up-to-date: /home/mford/ros2_ws/install/node_one/share/node_one/environment/path.sh
[1.450s] -- Up-to-date: /home/mford/ros2_ws/install/node_one/share/node_one/environment/path.dsv
[1.451s] -- Up-to-date: /home/mford/ros2_ws/install/node_one/share/node_one/local_setup.bash
[1.454s] -- Up-to-date: /home/mford/ros2_ws/install/node_one/share/node_one/local_setup.sh
[1.455s] -- Up-to-date: /home/mford/ros2_ws/install/node_one/share/node_one/local_setup.zsh
[1.456s] -- Up-to-date: /home/mford/ros2_ws/install/node_one/share/node_one/local_setup.dsv
[1.457s] -- Installing: /home/mford/ros2_ws/install/node_one/share/node_one/package.dsv
[1.459s] -- Up-to-date: /home/mford/ros2_ws/install/node_one/share/ament_index/resource_index/packages/node_one
[1.459s] -- Up-to-date: /home/mford/ros2_ws/install/node_one/share/node_one/cmake/node_oneConfig.cmake
[1.460s] -- Up-to-date: /home/mford/ros2_ws/install/node_one/share/node_one/cmake/node_oneConfig-version.cmake
[1.461s] -- Up-to-date: /home/mford/ros2_ws/install/node_one/share/node_one/package.xml
[1.462s] Invoked command in '/home/mford/ros2_ws/build/node_one' returned '0': CMAKE_PREFIX_PATH=${CMAKE_PREFIX_PATH}:/home/mford/ros2_ws/install/subscriber_pkg:/home/mford/ros2_ws/install/publisher_pkg:/home/mford/ros2_ws/install/my_py_package:/opt/ros/humble /usr/bin/cmake --install /home/mford/ros2_ws/build/node_one
