[0.151s] DEBUG:colcon:Command line arguments: ['/usr/bin/colcon', 'build']
[0.151s] DEBUG:colcon:Parsed command line arguments: Namespace(log_base=None, log_level=None, verb_name='build', build_base='build', install_base='install', merge_install=False, symlink_install=False, test_result_base=None, continue_on_error=False, executor='parallel', parallel_workers=8, event_handlers=None, ignore_user_meta=False, metas=['./colcon.meta'], base_paths=['.'], packages_ignore=None, packages_ignore_regex=None, paths=None, packages_up_to=None, packages_up_to_regex=None, packages_above=None, packages_above_and_dependencies=None, packages_above_depth=None, packages_select_by_dep=None, packages_skip_by_dep=None, packages_skip_up_to=None, packages_select_build_failed=False, packages_skip_build_finished=False, packages_select_test_failures=False, packages_skip_test_passed=False, packages_select=None, packages_skip=None, packages_select_regex=None, packages_skip_regex=None, packages_start=None, packages_end=None, cmake_args=None, cmake_target=None, cmake_target_skip_unavailable=False, cmake_clean_cache=False, cmake_clean_first=False, cmake_force_configure=False, ament_cmake_args=None, catkin_cmake_args=None, catkin_skip_building_tests=False, verb_parser=<colcon_defaults.argument_parser.defaults.DefaultArgumentsDecorator object at 0xffffb63fa740>, verb_extension=<colcon_core.verb.build.BuildVerb object at 0xffffb63fa140>, main=<bound method BuildVerb.main of <colcon_core.verb.build.BuildVerb object at 0xffffb63fa140>>)
[0.357s] Level 1:colcon.colcon_core.package_discovery:discover_packages(colcon_meta) check parameters
[0.357s] Level 1:colcon.colcon_core.package_discovery:discover_packages(recursive) check parameters
[0.358s] Level 1:colcon.colcon_core.package_discovery:discover_packages(ignore) check parameters
[0.358s] Level 1:colcon.colcon_core.package_discovery:discover_packages(path) check parameters
[0.358s] Level 1:colcon.colcon_core.package_discovery:discover_packages(colcon_meta) discover
[0.358s] Level 1:colcon.colcon_core.package_discovery:discover_packages(recursive) discover
[0.358s] INFO:colcon.colcon_core.package_discovery:Crawling recursively for packages in '/home/mford/ros2_ws'
[0.358s] Level 1:colcon.colcon_core.package_identification:_identify(.) by extensions ['ignore', 'ignore_ament_install']
[0.358s] Level 1:colcon.colcon_core.package_identification:_identify(.) by extension 'ignore'
[0.358s] Level 1:colcon.colcon_core.package_identification:_identify(.) by extension 'ignore_ament_install'
[0.358s] Level 1:colcon.colcon_core.package_identification:_identify(.) by extensions ['colcon_pkg']
[0.358s] Level 1:colcon.colcon_core.package_identification:_identify(.) by extension 'colcon_pkg'
[0.358s] Level 1:colcon.colcon_core.package_identification:_identify(.) by extensions ['colcon_meta']
[0.358s] Level 1:colcon.colcon_core.package_identification:_identify(.) by extension 'colcon_meta'
[0.359s] Level 1:colcon.colcon_core.package_identification:_identify(.) by extensions ['ros']
[0.359s] Level 1:colcon.colcon_core.package_identification:_identify(.) by extension 'ros'
[0.379s] Level 1:colcon.colcon_core.package_identification:_identify(.) by extensions ['cmake', 'python']
[0.379s] Level 1:colcon.colcon_core.package_identification:_identify(.) by extension 'cmake'
[0.379s] Level 1:colcon.colcon_core.package_identification:_identify(.) by extension 'python'
[0.379s] Level 1:colcon.colcon_core.package_identification:_identify(.) by extensions ['python_setup_py']
[0.379s] Level 1:colcon.colcon_core.package_identification:_identify(.) by extension 'python_setup_py'
[0.379s] Level 1:colcon.colcon_core.package_identification:_identify(build) by extensions ['ignore', 'ignore_ament_install']
[0.379s] Level 1:colcon.colcon_core.package_identification:_identify(build) by extension 'ignore'
[0.380s] Level 1:colcon.colcon_core.package_identification:_identify(build) ignored
[0.380s] Level 1:colcon.colcon_core.package_identification:_identify(install) by extensions ['ignore', 'ignore_ament_install']
[0.380s] Level 1:colcon.colcon_core.package_identification:_identify(install) by extension 'ignore'
[0.380s] Level 1:colcon.colcon_core.package_identification:_identify(install) ignored
[0.380s] Level 1:colcon.colcon_core.package_identification:_identify(log) by extensions ['ignore', 'ignore_ament_install']
[0.380s] Level 1:colcon.colcon_core.package_identification:_identify(log) by extension 'ignore'
[0.380s] Level 1:colcon.colcon_core.package_identification:_identify(log) ignored
[0.380s] Level 1:colcon.colcon_core.package_identification:_identify(src) by extensions ['ignore', 'ignore_ament_install']
[0.380s] Level 1:colcon.colcon_core.package_identification:_identify(src) by extension 'ignore'
[0.381s] Level 1:colcon.colcon_core.package_identification:_identify(src) by extension 'ignore_ament_install'
[0.381s] Level 1:colcon.colcon_core.package_identification:_identify(src) by extensions ['colcon_pkg']
[0.381s] Level 1:colcon.colcon_core.package_identification:_identify(src) by extension 'colcon_pkg'
[0.381s] Level 1:colcon.colcon_core.package_identification:_identify(src) by extensions ['colcon_meta']
[0.381s] Level 1:colcon.colcon_core.package_identification:_identify(src) by extension 'colcon_meta'
[0.381s] Level 1:colcon.colcon_core.package_identification:_identify(src) by extensions ['ros']
[0.381s] Level 1:colcon.colcon_core.package_identification:_identify(src) by extension 'ros'
[0.381s] Level 1:colcon.colcon_core.package_identification:_identify(src) by extensions ['cmake', 'python']
[0.381s] Level 1:colcon.colcon_core.package_identification:_identify(src) by extension 'cmake'
[0.381s] Level 1:colcon.colcon_core.package_identification:_identify(src) by extension 'python'
[0.381s] Level 1:colcon.colcon_core.package_identification:_identify(src) by extensions ['python_setup_py']
[0.381s] Level 1:colcon.colcon_core.package_identification:_identify(src) by extension 'python_setup_py'
[0.381s] Level 1:colcon.colcon_core.package_identification:_identify(src/my_py_package) by extensions ['ignore', 'ignore_ament_install']
[0.381s] Level 1:colcon.colcon_core.package_identification:_identify(src/my_py_package) by extension 'ignore'
[0.381s] Level 1:colcon.colcon_core.package_identification:_identify(src/my_py_package) by extension 'ignore_ament_install'
[0.381s] Level 1:colcon.colcon_core.package_identification:_identify(src/my_py_package) by extensions ['colcon_pkg']
[0.381s] Level 1:colcon.colcon_core.package_identification:_identify(src/my_py_package) by extension 'colcon_pkg'
[0.382s] Level 1:colcon.colcon_core.package_identification:_identify(src/my_py_package) by extensions ['colcon_meta']
[0.382s] Level 1:colcon.colcon_core.package_identification:_identify(src/my_py_package) by extension 'colcon_meta'
[0.382s] Level 1:colcon.colcon_core.package_identification:_identify(src/my_py_package) by extensions ['ros']
[0.382s] Level 1:colcon.colcon_core.package_identification:_identify(src/my_py_package) by extension 'ros'
[0.385s] DEBUG:colcon.colcon_core.package_identification:Package 'src/my_py_package' with type 'ros.ament_python' and name 'my_py_package'
[0.386s] Level 1:colcon.colcon_core.package_identification:_identify(src/node_one) by extensions ['ignore', 'ignore_ament_install']
[0.386s] Level 1:colcon.colcon_core.package_identification:_identify(src/node_one) by extension 'ignore'
[0.386s] Level 1:colcon.colcon_core.package_identification:_identify(src/node_one) by extension 'ignore_ament_install'
[0.386s] Level 1:colcon.colcon_core.package_identification:_identify(src/node_one) by extensions ['colcon_pkg']
[0.386s] Level 1:colcon.colcon_core.package_identification:_identify(src/node_one) by extension 'colcon_pkg'
[0.386s] Level 1:colcon.colcon_core.package_identification:_identify(src/node_one) by extensions ['colcon_meta']
[0.386s] Level 1:colcon.colcon_core.package_identification:_identify(src/node_one) by extension 'colcon_meta'
[0.386s] Level 1:colcon.colcon_core.package_identification:_identify(src/node_one) by extensions ['ros']
[0.386s] Level 1:colcon.colcon_core.package_identification:_identify(src/node_one) by extension 'ros'
[0.387s] DEBUG:colcon.colcon_core.package_identification:Package 'src/node_one' with type 'ros.ament_cmake' and name 'node_one'
[0.387s] Level 1:colcon.colcon_core.package_identification:_identify(src/publisher_pkg) by extensions ['ignore', 'ignore_ament_install']
[0.387s] Level 1:colcon.colcon_core.package_identification:_identify(src/publisher_pkg) by extension 'ignore'
[0.387s] Level 1:colcon.colcon_core.package_identification:_identify(src/publisher_pkg) by extension 'ignore_ament_install'
[0.387s] Level 1:colcon.colcon_core.package_identification:_identify(src/publisher_pkg) by extensions ['colcon_pkg']
[0.387s] Level 1:colcon.colcon_core.package_identification:_identify(src/publisher_pkg) by extension 'colcon_pkg'
[0.387s] Level 1:colcon.colcon_core.package_identification:_identify(src/publisher_pkg) by extensions ['colcon_meta']
[0.387s] Level 1:colcon.colcon_core.package_identification:_identify(src/publisher_pkg) by extension 'colcon_meta'
[0.387s] Level 1:colcon.colcon_core.package_identification:_identify(src/publisher_pkg) by extensions ['ros']
[0.387s] Level 1:colcon.colcon_core.package_identification:_identify(src/publisher_pkg) by extension 'ros'
[0.388s] DEBUG:colcon.colcon_core.package_identification:Package 'src/publisher_pkg' with type 'ros.ament_python' and name 'publisher_pkg'
[0.388s] Level 1:colcon.colcon_core.package_identification:_identify(src/subscriber_pkg) by extensions ['ignore', 'ignore_ament_install']
[0.388s] Level 1:colcon.colcon_core.package_identification:_identify(src/subscriber_pkg) by extension 'ignore'
[0.389s] Level 1:colcon.colcon_core.package_identification:_identify(src/subscriber_pkg) by extension 'ignore_ament_install'
[0.389s] Level 1:colcon.colcon_core.package_identification:_identify(src/subscriber_pkg) by extensions ['colcon_pkg']
[0.389s] Level 1:colcon.colcon_core.package_identification:_identify(src/subscriber_pkg) by extension 'colcon_pkg'
[0.389s] Level 1:colcon.colcon_core.package_identification:_identify(src/subscriber_pkg) by extensions ['colcon_meta']
[0.389s] Level 1:colcon.colcon_core.package_identification:_identify(src/subscriber_pkg) by extension 'colcon_meta'
[0.389s] Level 1:colcon.colcon_core.package_identification:_identify(src/subscriber_pkg) by extensions ['ros']
[0.389s] Level 1:colcon.colcon_core.package_identification:_identify(src/subscriber_pkg) by extension 'ros'
[0.389s] DEBUG:colcon.colcon_core.package_identification:Package 'src/subscriber_pkg' with type 'ros.ament_python' and name 'subscriber_pkg'
[0.389s] Level 1:colcon.colcon_core.package_discovery:discover_packages(recursive) using defaults
[0.390s] Level 1:colcon.colcon_core.package_discovery:discover_packages(ignore) discover
[0.390s] Level 1:colcon.colcon_core.package_discovery:discover_packages(ignore) using defaults
[0.390s] Level 1:colcon.colcon_core.package_discovery:discover_packages(path) discover
[0.390s] Level 1:colcon.colcon_core.package_discovery:discover_packages(path) using defaults
[0.419s] Level 5:colcon.colcon_core.verb:set package 'my_py_package' build argument 'cmake_args' from command line to 'None'
[0.419s] Level 5:colcon.colcon_core.verb:set package 'my_py_package' build argument 'cmake_target' from command line to 'None'
[0.419s] Level 5:colcon.colcon_core.verb:set package 'my_py_package' build argument 'cmake_target_skip_unavailable' from command line to 'False'
[0.419s] Level 5:colcon.colcon_core.verb:set package 'my_py_package' build argument 'cmake_clean_cache' from command line to 'False'
[0.420s] Level 5:colcon.colcon_core.verb:set package 'my_py_package' build argument 'cmake_clean_first' from command line to 'False'
[0.420s] Level 5:colcon.colcon_core.verb:set package 'my_py_package' build argument 'cmake_force_configure' from command line to 'False'
[0.420s] Level 5:colcon.colcon_core.verb:set package 'my_py_package' build argument 'ament_cmake_args' from command line to 'None'
[0.420s] Level 5:colcon.colcon_core.verb:set package 'my_py_package' build argument 'catkin_cmake_args' from command line to 'None'
[0.420s] Level 5:colcon.colcon_core.verb:set package 'my_py_package' build argument 'catkin_skip_building_tests' from command line to 'False'
[0.420s] DEBUG:colcon.colcon_core.verb:Building package 'my_py_package' with the following arguments: {'ament_cmake_args': None, 'build_base': '/home/mford/ros2_ws/build/my_py_package', 'catkin_cmake_args': None, 'catkin_skip_building_tests': False, 'cmake_args': None, 'cmake_clean_cache': False, 'cmake_clean_first': False, 'cmake_force_configure': False, 'cmake_target': None, 'cmake_target_skip_unavailable': False, 'install_base': '/home/mford/ros2_ws/install/my_py_package', 'merge_install': False, 'path': '/home/mford/ros2_ws/src/my_py_package', 'symlink_install': False, 'test_result_base': None}
[0.420s] Level 5:colcon.colcon_core.verb:set package 'node_one' build argument 'cmake_args' from command line to 'None'
[0.420s] Level 5:colcon.colcon_core.verb:set package 'node_one' build argument 'cmake_target' from command line to 'None'
[0.420s] Level 5:colcon.colcon_core.verb:set package 'node_one' build argument 'cmake_target_skip_unavailable' from command line to 'False'
[0.420s] Level 5:colcon.colcon_core.verb:set package 'node_one' build argument 'cmake_clean_cache' from command line to 'False'
[0.420s] Level 5:colcon.colcon_core.verb:set package 'node_one' build argument 'cmake_clean_first' from command line to 'False'
[0.420s] Level 5:colcon.colcon_core.verb:set package 'node_one' build argument 'cmake_force_configure' from command line to 'False'
[0.420s] Level 5:colcon.colcon_core.verb:set package 'node_one' build argument 'ament_cmake_args' from command line to 'None'
[0.420s] Level 5:colcon.colcon_core.verb:set package 'node_one' build argument 'catkin_cmake_args' from command line to 'None'
[0.420s] Level 5:colcon.colcon_core.verb:set package 'node_one' build argument 'catkin_skip_building_tests' from command line to 'False'
[0.421s] DEBUG:colcon.colcon_core.verb:Building package 'node_one' with the following arguments: {'ament_cmake_args': None, 'build_base': '/home/mford/ros2_ws/build/node_one', 'catkin_cmake_args': None, 'catkin_skip_building_tests': False, 'cmake_args': None, 'cmake_clean_cache': False, 'cmake_clean_first': False, 'cmake_force_configure': False, 'cmake_target': None, 'cmake_target_skip_unavailable': False, 'install_base': '/home/mford/ros2_ws/install/node_one', 'merge_install': False, 'path': '/home/mford/ros2_ws/src/node_one', 'symlink_install': False, 'test_result_base': None}
[0.421s] Level 5:colcon.colcon_core.verb:set package 'publisher_pkg' build argument 'cmake_args' from command line to 'None'
[0.421s] Level 5:colcon.colcon_core.verb:set package 'publisher_pkg' build argument 'cmake_target' from command line to 'None'
[0.421s] Level 5:colcon.colcon_core.verb:set package 'publisher_pkg' build argument 'cmake_target_skip_unavailable' from command line to 'False'
[0.421s] Level 5:colcon.colcon_core.verb:set package 'publisher_pkg' build argument 'cmake_clean_cache' from command line to 'False'
[0.421s] Level 5:colcon.colcon_core.verb:set package 'publisher_pkg' build argument 'cmake_clean_first' from command line to 'False'
[0.421s] Level 5:colcon.colcon_core.verb:set package 'publisher_pkg' build argument 'cmake_force_configure' from command line to 'False'
[0.421s] Level 5:colcon.colcon_core.verb:set package 'publisher_pkg' build argument 'ament_cmake_args' from command line to 'None'
[0.421s] Level 5:colcon.colcon_core.verb:set package 'publisher_pkg' build argument 'catkin_cmake_args' from command line to 'None'
[0.421s] Level 5:colcon.colcon_core.verb:set package 'publisher_pkg' build argument 'catkin_skip_building_tests' from command line to 'False'
[0.421s] DEBUG:colcon.colcon_core.verb:Building package 'publisher_pkg' with the following arguments: {'ament_cmake_args': None, 'build_base': '/home/mford/ros2_ws/build/publisher_pkg', 'catkin_cmake_args': None, 'catkin_skip_building_tests': False, 'cmake_args': None, 'cmake_clean_cache': False, 'cmake_clean_first': False, 'cmake_force_configure': False, 'cmake_target': None, 'cmake_target_skip_unavailable': False, 'install_base': '/home/mford/ros2_ws/install/publisher_pkg', 'merge_install': False, 'path': '/home/mford/ros2_ws/src/publisher_pkg', 'symlink_install': False, 'test_result_base': None}
[0.422s] Level 5:colcon.colcon_core.verb:set package 'subscriber_pkg' build argument 'cmake_args' from command line to 'None'
[0.422s] Level 5:colcon.colcon_core.verb:set package 'subscriber_pkg' build argument 'cmake_target' from command line to 'None'
[0.422s] Level 5:colcon.colcon_core.verb:set package 'subscriber_pkg' build argument 'cmake_target_skip_unavailable' from command line to 'False'
[0.422s] Level 5:colcon.colcon_core.verb:set package 'subscriber_pkg' build argument 'cmake_clean_cache' from command line to 'False'
[0.422s] Level 5:colcon.colcon_core.verb:set package 'subscriber_pkg' build argument 'cmake_clean_first' from command line to 'False'
[0.422s] Level 5:colcon.colcon_core.verb:set package 'subscriber_pkg' build argument 'cmake_force_configure' from command line to 'False'
[0.422s] Level 5:colcon.colcon_core.verb:set package 'subscriber_pkg' build argument 'ament_cmake_args' from command line to 'None'
[0.422s] Level 5:colcon.colcon_core.verb:set package 'subscriber_pkg' build argument 'catkin_cmake_args' from command line to 'None'
[0.422s] Level 5:colcon.colcon_core.verb:set package 'subscriber_pkg' build argument 'catkin_skip_building_tests' from command line to 'False'
[0.422s] DEBUG:colcon.colcon_core.verb:Building package 'subscriber_pkg' with the following arguments: {'ament_cmake_args': None, 'build_base': '/home/mford/ros2_ws/build/subscriber_pkg', 'catkin_cmake_args': None, 'catkin_skip_building_tests': False, 'cmake_args': None, 'cmake_clean_cache': False, 'cmake_clean_first': False, 'cmake_force_configure': False, 'cmake_target': None, 'cmake_target_skip_unavailable': False, 'install_base': '/home/mford/ros2_ws/install/subscriber_pkg', 'merge_install': False, 'path': '/home/mford/ros2_ws/src/subscriber_pkg', 'symlink_install': False, 'test_result_base': None}
[0.422s] INFO:colcon.colcon_core.executor:Executing jobs using 'parallel' executor
[0.424s] DEBUG:colcon.colcon_parallel_executor.executor.parallel:run_until_complete
[0.425s] INFO:colcon.colcon_ros.task.ament_python.build:Building ROS package in '/home/mford/ros2_ws/src/my_py_package' with build type 'ament_python'
[0.425s] Level 1:colcon.colcon_core.shell:create_environment_hook('my_py_package', 'ament_prefix_path')
[0.429s] INFO:colcon.colcon_core.plugin_system:Skipping extension 'colcon_core.shell.bat': Not used on non-Windows systems
[0.429s] INFO:colcon.colcon_core.shell:Creating environment hook '/home/mford/ros2_ws/install/my_py_package/share/my_py_package/hook/ament_prefix_path.ps1'
[0.430s] INFO:colcon.colcon_core.shell:Creating environment descriptor '/home/mford/ros2_ws/install/my_py_package/share/my_py_package/hook/ament_prefix_path.dsv'
[0.431s] INFO:colcon.colcon_core.shell:Creating environment hook '/home/mford/ros2_ws/install/my_py_package/share/my_py_package/hook/ament_prefix_path.sh'
[0.432s] INFO:colcon.colcon_core.shell:Skip shell extension 'powershell' for command environment: Not usable outside of PowerShell
[0.432s] DEBUG:colcon.colcon_core.shell:Skip shell extension 'dsv' for command environment
[0.439s] INFO:colcon.colcon_ros.task.ament_cmake.build:Building ROS package in '/home/mford/ros2_ws/src/node_one' with build type 'ament_cmake'
[0.439s] INFO:colcon.colcon_cmake.task.cmake.build:Building CMake package in '/home/mford/ros2_ws/src/node_one'
[0.439s] INFO:colcon.colcon_core.shell:Skip shell extension 'powershell' for command environment: Not usable outside of PowerShell
[0.440s] DEBUG:colcon.colcon_core.shell:Skip shell extension 'dsv' for command environment
[0.444s] INFO:colcon.colcon_ros.task.ament_python.build:Building ROS package in '/home/mford/ros2_ws/src/publisher_pkg' with build type 'ament_python'
[0.444s] Level 1:colcon.colcon_core.shell:create_environment_hook('publisher_pkg', 'ament_prefix_path')
[0.445s] INFO:colcon.colcon_core.shell:Creating environment hook '/home/mford/ros2_ws/install/publisher_pkg/share/publisher_pkg/hook/ament_prefix_path.ps1'
[0.445s] INFO:colcon.colcon_core.shell:Creating environment descriptor '/home/mford/ros2_ws/install/publisher_pkg/share/publisher_pkg/hook/ament_prefix_path.dsv'
[0.446s] INFO:colcon.colcon_core.shell:Creating environment hook '/home/mford/ros2_ws/install/publisher_pkg/share/publisher_pkg/hook/ament_prefix_path.sh'
[0.447s] INFO:colcon.colcon_core.shell:Skip shell extension 'powershell' for command environment: Not usable outside of PowerShell
[0.447s] DEBUG:colcon.colcon_core.shell:Skip shell extension 'dsv' for command environment
[0.451s] INFO:colcon.colcon_ros.task.ament_python.build:Building ROS package in '/home/mford/ros2_ws/src/subscriber_pkg' with build type 'ament_python'
[0.452s] Level 1:colcon.colcon_core.shell:create_environment_hook('subscriber_pkg', 'ament_prefix_path')
[0.452s] INFO:colcon.colcon_core.shell:Creating environment hook '/home/mford/ros2_ws/install/subscriber_pkg/share/subscriber_pkg/hook/ament_prefix_path.ps1'
[0.453s] INFO:colcon.colcon_core.shell:Creating environment descriptor '/home/mford/ros2_ws/install/subscriber_pkg/share/subscriber_pkg/hook/ament_prefix_path.dsv'
[0.453s] INFO:colcon.colcon_core.shell:Creating environment hook '/home/mford/ros2_ws/install/subscriber_pkg/share/subscriber_pkg/hook/ament_prefix_path.sh'
[0.454s] INFO:colcon.colcon_core.shell:Skip shell extension 'powershell' for command environment: Not usable outside of PowerShell
[0.454s] DEBUG:colcon.colcon_core.shell:Skip shell extension 'dsv' for command environment
[0.983s] INFO:colcon.colcon_core.task.python.build:Building Python package in '/home/mford/ros2_ws/src/my_py_package'
[0.984s] INFO:colcon.colcon_core.shell:Skip shell extension 'powershell' for command environment: Not usable outside of PowerShell
[0.984s] DEBUG:colcon.colcon_core.shell:Skip shell extension 'dsv' for command environment
[0.995s] DEBUG:colcon.colcon_core.event_handler.log_command:Invoking command in '/home/mford/ros2_ws/build/node_one': CMAKE_PREFIX_PATH=${CMAKE_PREFIX_PATH}:/home/mford/ros2_ws/install/subscriber_pkg:/home/mford/ros2_ws/install/publisher_pkg:/home/mford/ros2_ws/install/my_py_package:/opt/ros/humble /usr/bin/cmake --build /home/mford/ros2_ws/build/node_one -- -j8 -l8
[1.380s] INFO:colcon.colcon_core.task.python.build:Building Python package in '/home/mford/ros2_ws/src/publisher_pkg'
[1.381s] INFO:colcon.colcon_core.shell:Skip shell extension 'powershell' for command environment: Not usable outside of PowerShell
[1.381s] DEBUG:colcon.colcon_core.shell:Skip shell extension 'dsv' for command environment
[1.394s] DEBUG:colcon.colcon_core.event_handler.log_command:Invoked command in '/home/mford/ros2_ws/build/node_one' returned '0': CMAKE_PREFIX_PATH=${CMAKE_PREFIX_PATH}:/home/mford/ros2_ws/install/subscriber_pkg:/home/mford/ros2_ws/install/publisher_pkg:/home/mford/ros2_ws/install/my_py_package:/opt/ros/humble /usr/bin/cmake --build /home/mford/ros2_ws/build/node_one -- -j8 -l8
[1.789s] INFO:colcon.colcon_core.task.python.build:Building Python package in '/home/mford/ros2_ws/src/subscriber_pkg'
[1.790s] INFO:colcon.colcon_core.shell:Skip shell extension 'powershell' for command environment: Not usable outside of PowerShell
[1.790s] DEBUG:colcon.colcon_core.shell:Skip shell extension 'dsv' for command environment
[1.839s] DEBUG:colcon.colcon_core.event_handler.log_command:Invoking command in '/home/mford/ros2_ws/build/node_one': CMAKE_PREFIX_PATH=${CMAKE_PREFIX_PATH}:/home/mford/ros2_ws/install/subscriber_pkg:/home/mford/ros2_ws/install/publisher_pkg:/home/mford/ros2_ws/install/my_py_package:/opt/ros/humble /usr/bin/cmake --install /home/mford/ros2_ws/build/node_one
[1.871s] Level 1:colcon.colcon_core.environment:create_environment_scripts_only(node_one)
[1.872s] DEBUG:colcon.colcon_core.event_handler.log_command:Invoked command in '/home/mford/ros2_ws/build/node_one' returned '0': CMAKE_PREFIX_PATH=${CMAKE_PREFIX_PATH}:/home/mford/ros2_ws/install/subscriber_pkg:/home/mford/ros2_ws/install/publisher_pkg:/home/mford/ros2_ws/install/my_py_package:/opt/ros/humble /usr/bin/cmake --install /home/mford/ros2_ws/build/node_one
[1.876s] Level 1:colcon.colcon_core.environment:checking '/home/mford/ros2_ws/install/node_one' for CMake module files
[1.876s] Level 1:colcon.colcon_core.environment:checking '/home/mford/ros2_ws/install/node_one' for CMake config files
[1.877s] Level 1:colcon.colcon_core.shell:create_environment_hook('node_one', 'cmake_prefix_path')
[1.877s] INFO:colcon.colcon_core.shell:Creating environment hook '/home/mford/ros2_ws/install/node_one/share/node_one/hook/cmake_prefix_path.ps1'
[1.879s] INFO:colcon.colcon_core.shell:Creating environment descriptor '/home/mford/ros2_ws/install/node_one/share/node_one/hook/cmake_prefix_path.dsv'
[1.880s] INFO:colcon.colcon_core.shell:Creating environment hook '/home/mford/ros2_ws/install/node_one/share/node_one/hook/cmake_prefix_path.sh'
[1.882s] Level 1:colcon.colcon_core.environment:checking '/home/mford/ros2_ws/install/node_one/bin'
[1.883s] Level 1:colcon.colcon_core.environment:checking '/home/mford/ros2_ws/install/node_one/lib/pkgconfig/node_one.pc'
[1.883s] Level 1:colcon.colcon_core.environment:checking '/home/mford/ros2_ws/install/node_one/lib/python3.10/site-packages'
[1.883s] Level 1:colcon.colcon_core.environment:checking '/home/mford/ros2_ws/install/node_one/bin'
[1.884s] INFO:colcon.colcon_core.shell:Creating package script '/home/mford/ros2_ws/install/node_one/share/node_one/package.ps1'
[1.886s] INFO:colcon.colcon_core.shell:Creating package descriptor '/home/mford/ros2_ws/install/node_one/share/node_one/package.dsv'
[1.887s] INFO:colcon.colcon_core.shell:Creating package script '/home/mford/ros2_ws/install/node_one/share/node_one/package.sh'
[1.888s] INFO:colcon.colcon_core.shell:Creating package script '/home/mford/ros2_ws/install/node_one/share/node_one/package.bash'
[1.889s] INFO:colcon.colcon_core.shell:Creating package script '/home/mford/ros2_ws/install/node_one/share/node_one/package.zsh'
[1.890s] Level 1:colcon.colcon_core.environment:create_file_with_runtime_dependencies(/home/mford/ros2_ws/install/node_one/share/colcon-core/packages/node_one)
[1.951s] Level 1:colcon.colcon_core.environment:create_environment_scripts_only(node_one)
[1.952s] Level 1:colcon.colcon_core.environment:checking '/home/mford/ros2_ws/install/node_one' for CMake module files
[1.954s] Level 1:colcon.colcon_core.environment:checking '/home/mford/ros2_ws/install/node_one' for CMake config files
[1.955s] Level 1:colcon.colcon_core.shell:create_environment_hook('node_one', 'cmake_prefix_path')
[1.957s] INFO:colcon.colcon_core.shell:Creating environment hook '/home/mford/ros2_ws/install/node_one/share/node_one/hook/cmake_prefix_path.ps1'
[1.958s] INFO:colcon.colcon_core.shell:Creating environment descriptor '/home/mford/ros2_ws/install/node_one/share/node_one/hook/cmake_prefix_path.dsv'
[1.960s] INFO:colcon.colcon_core.shell:Creating environment hook '/home/mford/ros2_ws/install/node_one/share/node_one/hook/cmake_prefix_path.sh'
[1.962s] Level 1:colcon.colcon_core.environment:checking '/home/mford/ros2_ws/install/node_one/bin'
[1.962s] Level 1:colcon.colcon_core.environment:checking '/home/mford/ros2_ws/install/node_one/lib/pkgconfig/node_one.pc'
[1.963s] Level 1:colcon.colcon_core.environment:checking '/home/mford/ros2_ws/install/node_one/lib/python3.10/site-packages'
[1.965s] Level 1:colcon.colcon_core.environment:checking '/home/mford/ros2_ws/install/node_one/bin'
[1.966s] INFO:colcon.colcon_core.shell:Creating package script '/home/mford/ros2_ws/install/node_one/share/node_one/package.ps1'
[1.968s] INFO:colcon.colcon_core.shell:Creating package descriptor '/home/mford/ros2_ws/install/node_one/share/node_one/package.dsv'
[1.970s] INFO:colcon.colcon_core.shell:Creating package script '/home/mford/ros2_ws/install/node_one/share/node_one/package.sh'
[1.972s] INFO:colcon.colcon_core.shell:Creating package script '/home/mford/ros2_ws/install/node_one/share/node_one/package.bash'
[1.974s] INFO:colcon.colcon_core.shell:Creating package script '/home/mford/ros2_ws/install/node_one/share/node_one/package.zsh'
[1.976s] Level 1:colcon.colcon_core.environment:create_file_with_runtime_dependencies(/home/mford/ros2_ws/install/node_one/share/colcon-core/packages/node_one)
[2.266s] DEBUG:colcon.colcon_core.event_handler.log_command:Invoking command in '/home/mford/ros2_ws/src/my_py_package': PYTHONPATH=/home/mford/ros2_ws/build/my_py_package/prefix_override:/home/mford/ros2_ws/install/my_py_package/lib/python3.10/site-packages:${PYTHONPATH} /usr/bin/python3 -W ignore:setup.py install is deprecated setup.py egg_info --egg-base ../../build/my_py_package build --build-base /home/mford/ros2_ws/build/my_py_package/build install --record /home/mford/ros2_ws/build/my_py_package/install.log --single-version-externally-managed install_data
[2.290s] DEBUG:colcon.colcon_core.event_handler.log_command:Invoking command in '/home/mford/ros2_ws/src/publisher_pkg': PYTHONPATH=/home/mford/ros2_ws/build/publisher_pkg/prefix_override:/home/mford/ros2_ws/install/publisher_pkg/lib/python3.10/site-packages:${PYTHONPATH} /usr/bin/python3 -W ignore:setup.py install is deprecated setup.py egg_info --egg-base ../../build/publisher_pkg build --build-base /home/mford/ros2_ws/build/publisher_pkg/build install --record /home/mford/ros2_ws/build/publisher_pkg/install.log --single-version-externally-managed install_data
[2.294s] DEBUG:colcon.colcon_core.event_handler.log_command:Invoking command in '/home/mford/ros2_ws/src/subscriber_pkg': PYTHONPATH=/home/mford/ros2_ws/build/subscriber_pkg/prefix_override:/home/mford/ros2_ws/install/subscriber_pkg/lib/python3.10/site-packages:${PYTHONPATH} /usr/bin/python3 -W ignore:setup.py install is deprecated setup.py egg_info --egg-base ../../build/subscriber_pkg build --build-base /home/mford/ros2_ws/build/subscriber_pkg/build install --record /home/mford/ros2_ws/build/subscriber_pkg/install.log --single-version-externally-managed install_data
[2.705s] Level 1:colcon.colcon_core.environment:checking '/home/mford/ros2_ws/install/my_py_package' for CMake module files
[2.707s] DEBUG:colcon.colcon_core.event_handler.log_command:Invoked command in '/home/mford/ros2_ws/src/my_py_package' returned '0': PYTHONPATH=/home/mford/ros2_ws/build/my_py_package/prefix_override:/home/mford/ros2_ws/install/my_py_package/lib/python3.10/site-packages:${PYTHONPATH} /usr/bin/python3 -W ignore:setup.py install is deprecated setup.py egg_info --egg-base ../../build/my_py_package build --build-base /home/mford/ros2_ws/build/my_py_package/build install --record /home/mford/ros2_ws/build/my_py_package/install.log --single-version-externally-managed install_data
[2.707s] Level 1:colcon.colcon_core.environment:checking '/home/mford/ros2_ws/install/my_py_package' for CMake config files
[2.708s] Level 1:colcon.colcon_core.environment:checking '/home/mford/ros2_ws/install/my_py_package/lib'
[2.709s] Level 1:colcon.colcon_core.environment:checking '/home/mford/ros2_ws/install/my_py_package/bin'
[2.709s] Level 1:colcon.colcon_core.environment:checking '/home/mford/ros2_ws/install/my_py_package/lib/pkgconfig/my_py_package.pc'
[2.709s] Level 1:colcon.colcon_core.environment:checking '/home/mford/ros2_ws/install/my_py_package/lib/python3.10/site-packages'
[2.709s] Level 1:colcon.colcon_core.shell:create_environment_hook('my_py_package', 'pythonpath')
[2.709s] INFO:colcon.colcon_core.shell:Creating environment hook '/home/mford/ros2_ws/install/my_py_package/share/my_py_package/hook/pythonpath.ps1'
[2.710s] INFO:colcon.colcon_core.shell:Creating environment descriptor '/home/mford/ros2_ws/install/my_py_package/share/my_py_package/hook/pythonpath.dsv'
[2.711s] INFO:colcon.colcon_core.shell:Creating environment hook '/home/mford/ros2_ws/install/my_py_package/share/my_py_package/hook/pythonpath.sh'
[2.712s] Level 1:colcon.colcon_core.environment:checking '/home/mford/ros2_ws/install/my_py_package/bin'
[2.712s] Level 1:colcon.colcon_core.environment:create_environment_scripts_only(my_py_package)
[2.712s] INFO:colcon.colcon_core.shell:Creating package script '/home/mford/ros2_ws/install/my_py_package/share/my_py_package/package.ps1'
[2.713s] INFO:colcon.colcon_core.shell:Creating package descriptor '/home/mford/ros2_ws/install/my_py_package/share/my_py_package/package.dsv'
[2.714s] INFO:colcon.colcon_core.shell:Creating package script '/home/mford/ros2_ws/install/my_py_package/share/my_py_package/package.sh'
[2.714s] INFO:colcon.colcon_core.shell:Creating package script '/home/mford/ros2_ws/install/my_py_package/share/my_py_package/package.bash'
[2.715s] INFO:colcon.colcon_core.shell:Creating package script '/home/mford/ros2_ws/install/my_py_package/share/my_py_package/package.zsh'
[2.715s] Level 1:colcon.colcon_core.environment:create_file_with_runtime_dependencies(/home/mford/ros2_ws/install/my_py_package/share/colcon-core/packages/my_py_package)
[2.726s] Level 1:colcon.colcon_core.environment:checking '/home/mford/ros2_ws/install/publisher_pkg' for CMake module files
[2.727s] DEBUG:colcon.colcon_core.event_handler.log_command:Invoked command in '/home/mford/ros2_ws/src/publisher_pkg' returned '0': PYTHONPATH=/home/mford/ros2_ws/build/publisher_pkg/prefix_override:/home/mford/ros2_ws/install/publisher_pkg/lib/python3.10/site-packages:${PYTHONPATH} /usr/bin/python3 -W ignore:setup.py install is deprecated setup.py egg_info --egg-base ../../build/publisher_pkg build --build-base /home/mford/ros2_ws/build/publisher_pkg/build install --record /home/mford/ros2_ws/build/publisher_pkg/install.log --single-version-externally-managed install_data
[2.728s] Level 1:colcon.colcon_core.environment:checking '/home/mford/ros2_ws/install/publisher_pkg' for CMake config files
[2.728s] Level 1:colcon.colcon_core.environment:checking '/home/mford/ros2_ws/install/publisher_pkg/lib'
[2.729s] Level 1:colcon.colcon_core.environment:checking '/home/mford/ros2_ws/install/publisher_pkg/bin'
[2.729s] Level 1:colcon.colcon_core.environment:checking '/home/mford/ros2_ws/install/publisher_pkg/lib/pkgconfig/publisher_pkg.pc'
[2.729s] Level 1:colcon.colcon_core.environment:checking '/home/mford/ros2_ws/install/publisher_pkg/lib/python3.10/site-packages'
[2.729s] Level 1:colcon.colcon_core.shell:create_environment_hook('publisher_pkg', 'pythonpath')
[2.729s] INFO:colcon.colcon_core.shell:Creating environment hook '/home/mford/ros2_ws/install/publisher_pkg/share/publisher_pkg/hook/pythonpath.ps1'
[2.730s] INFO:colcon.colcon_core.shell:Creating environment descriptor '/home/mford/ros2_ws/install/publisher_pkg/share/publisher_pkg/hook/pythonpath.dsv'
[2.730s] INFO:colcon.colcon_core.shell:Creating environment hook '/home/mford/ros2_ws/install/publisher_pkg/share/publisher_pkg/hook/pythonpath.sh'
[2.732s] Level 1:colcon.colcon_core.environment:checking '/home/mford/ros2_ws/install/publisher_pkg/bin'
[2.732s] Level 1:colcon.colcon_core.environment:create_environment_scripts_only(publisher_pkg)
[2.732s] INFO:colcon.colcon_core.shell:Creating package script '/home/mford/ros2_ws/install/publisher_pkg/share/publisher_pkg/package.ps1'
[2.733s] INFO:colcon.colcon_core.shell:Creating package descriptor '/home/mford/ros2_ws/install/publisher_pkg/share/publisher_pkg/package.dsv'
[2.733s] INFO:colcon.colcon_core.shell:Creating package script '/home/mford/ros2_ws/install/publisher_pkg/share/publisher_pkg/package.sh'
[2.734s] INFO:colcon.colcon_core.shell:Creating package script '/home/mford/ros2_ws/install/publisher_pkg/share/publisher_pkg/package.bash'
[2.734s] INFO:colcon.colcon_core.shell:Creating package script '/home/mford/ros2_ws/install/publisher_pkg/share/publisher_pkg/package.zsh'
[2.735s] Level 1:colcon.colcon_core.environment:create_file_with_runtime_dependencies(/home/mford/ros2_ws/install/publisher_pkg/share/colcon-core/packages/publisher_pkg)
[2.738s] Level 1:colcon.colcon_core.environment:checking '/home/mford/ros2_ws/install/subscriber_pkg' for CMake module files
[2.739s] DEBUG:colcon.colcon_core.event_handler.log_command:Invoked command in '/home/mford/ros2_ws/src/subscriber_pkg' returned '0': PYTHONPATH=/home/mford/ros2_ws/build/subscriber_pkg/prefix_override:/home/mford/ros2_ws/install/subscriber_pkg/lib/python3.10/site-packages:${PYTHONPATH} /usr/bin/python3 -W ignore:setup.py install is deprecated setup.py egg_info --egg-base ../../build/subscriber_pkg build --build-base /home/mford/ros2_ws/build/subscriber_pkg/build install --record /home/mford/ros2_ws/build/subscriber_pkg/install.log --single-version-externally-managed install_data
[2.739s] Level 1:colcon.colcon_core.environment:checking '/home/mford/ros2_ws/install/subscriber_pkg' for CMake config files
[2.740s] Level 1:colcon.colcon_core.environment:checking '/home/mford/ros2_ws/install/subscriber_pkg/lib'
[2.740s] Level 1:colcon.colcon_core.environment:checking '/home/mford/ros2_ws/install/subscriber_pkg/bin'
[2.740s] Level 1:colcon.colcon_core.environment:checking '/home/mford/ros2_ws/install/subscriber_pkg/lib/pkgconfig/subscriber_pkg.pc'
[2.740s] Level 1:colcon.colcon_core.environment:checking '/home/mford/ros2_ws/install/subscriber_pkg/lib/python3.10/site-packages'
[2.740s] Level 1:colcon.colcon_core.shell:create_environment_hook('subscriber_pkg', 'pythonpath')
[2.741s] INFO:colcon.colcon_core.shell:Creating environment hook '/home/mford/ros2_ws/install/subscriber_pkg/share/subscriber_pkg/hook/pythonpath.ps1'
[2.741s] INFO:colcon.colcon_core.shell:Creating environment descriptor '/home/mford/ros2_ws/install/subscriber_pkg/share/subscriber_pkg/hook/pythonpath.dsv'
[2.742s] INFO:colcon.colcon_core.shell:Creating environment hook '/home/mford/ros2_ws/install/subscriber_pkg/share/subscriber_pkg/hook/pythonpath.sh'
[2.742s] Level 1:colcon.colcon_core.environment:checking '/home/mford/ros2_ws/install/subscriber_pkg/bin'
[2.742s] Level 1:colcon.colcon_core.environment:create_environment_scripts_only(subscriber_pkg)
[2.743s] INFO:colcon.colcon_core.shell:Creating package script '/home/mford/ros2_ws/install/subscriber_pkg/share/subscriber_pkg/package.ps1'
[2.743s] INFO:colcon.colcon_core.shell:Creating package descriptor '/home/mford/ros2_ws/install/subscriber_pkg/share/subscriber_pkg/package.dsv'
[2.744s] INFO:colcon.colcon_core.shell:Creating package script '/home/mford/ros2_ws/install/subscriber_pkg/share/subscriber_pkg/package.sh'
[2.744s] INFO:colcon.colcon_core.shell:Creating package script '/home/mford/ros2_ws/install/subscriber_pkg/share/subscriber_pkg/package.bash'
[2.745s] INFO:colcon.colcon_core.shell:Creating package script '/home/mford/ros2_ws/install/subscriber_pkg/share/subscriber_pkg/package.zsh'
[2.745s] Level 1:colcon.colcon_core.environment:create_file_with_runtime_dependencies(/home/mford/ros2_ws/install/subscriber_pkg/share/colcon-core/packages/subscriber_pkg)
[2.745s] DEBUG:colcon.colcon_parallel_executor.executor.parallel:closing loop
[2.745s] DEBUG:colcon.colcon_parallel_executor.executor.parallel:loop closed
[2.746s] DEBUG:colcon.colcon_parallel_executor.executor.parallel:run_until_complete finished with '0'
[2.746s] DEBUG:colcon.colcon_core.event_reactor:joining thread
[2.805s] INFO:colcon.colcon_core.plugin_system:Skipping extension 'colcon_notification.desktop_notification.terminal_notifier': Not used on non-Darwin systems
[2.806s] INFO:colcon.colcon_core.plugin_system:Skipping extension 'colcon_notification.desktop_notification.win32': Not used on non-Windows systems
[2.806s] INFO:colcon.colcon_notification.desktop_notification:Sending desktop notification using 'notify2'
[2.823s] DEBUG:colcon.colcon_core.event_reactor:joined thread
[2.824s] INFO:colcon.colcon_core.shell:Creating prefix script '/home/mford/ros2_ws/install/local_setup.ps1'
[2.825s] INFO:colcon.colcon_core.shell:Creating prefix util module '/home/mford/ros2_ws/install/_local_setup_util_ps1.py'
[2.827s] INFO:colcon.colcon_core.shell:Creating prefix chain script '/home/mford/ros2_ws/install/setup.ps1'
[2.829s] INFO:colcon.colcon_core.shell:Creating prefix script '/home/mford/ros2_ws/install/local_setup.sh'
[2.830s] INFO:colcon.colcon_core.shell:Creating prefix util module '/home/mford/ros2_ws/install/_local_setup_util_sh.py'
[2.830s] INFO:colcon.colcon_core.shell:Creating prefix chain script '/home/mford/ros2_ws/install/setup.sh'
[2.832s] INFO:colcon.colcon_core.shell:Creating prefix script '/home/mford/ros2_ws/install/local_setup.bash'
[2.832s] INFO:colcon.colcon_core.shell:Creating prefix chain script '/home/mford/ros2_ws/install/setup.bash'
[2.834s] INFO:colcon.colcon_core.shell:Creating prefix script '/home/mford/ros2_ws/install/local_setup.zsh'
[2.835s] INFO:colcon.colcon_core.shell:Creating prefix chain script '/home/mford/ros2_ws/install/setup.zsh'
